#
# There is insufficient memory for the Java Runtime Environment to continue.
# Native memory allocation (malloc) failed to allocate 1850576 bytes. Error detail: Chunk::new
# Possible reasons:
#   The system is out of physical RAM or swap space
#   This process is running with CompressedOops enabled, and the Java Heap may be blocking the growth of the native heap
# Possible solutions:
#   Reduce memory load on the system
#   Increase physical memory or swap space
#   Check if swap backing store is full
#   Decrease Java heap size (-Xmx/-Xms)
#   Decrease number of Java threads
#   Decrease Java thread stack sizes (-Xss)
#   Set larger code cache with -XX:ReservedCodeCacheSize=
#   JVM is running with Unscaled Compressed Oops mode in which the Java heap is
#     placed in the first 4GB address space. The Java Heap base address is the
#     maximum limit for the native heap growth. Please use -XX:HeapBaseMinAddress
#     to set the Java Heap base and to place the Java Heap above 4GB virtual address.
# This output file may be truncated or incomplete.
#
#  Out of Memory Error (arena.cpp:150), pid=14732, tid=14964
#
# JRE version: Java(TM) SE Runtime Environment (22.0.1+8) (build 22.0.1+8-16)
# Java VM: Java HotSpot(TM) 64-Bit Server VM (22.0.1+8-16, mixed mode, sharing, tiered, compressed oops, compressed class ptrs, g1 gc, windows-amd64)
# No core dump will be written. Minidumps are not enabled by default on client versions of Windows
#

---------------  S U M M A R Y ------------

Command Line: -ea --enable-preview -Didea.test.cyclic.buffer.size=1048576 -javaagent:C:\Users\Enrique\AppData\Local\Programs\IntelliJ IDEA Ultimate\lib\idea_rt.jar=57912:C:\Users\Enrique\AppData\Local\Programs\IntelliJ IDEA Ultimate\bin -Dfile.encoding=UTF-8 -Dsun.stdout.encoding=UTF-8 -Dsun.stderr.encoding=UTF-8 com.intellij.rt.junit.JUnitStarter -ideVersion5 -junit5 med.voll.api.domain.medico.MedicoRepositoryTest,seleccionarMedicoConEspecialidadEnFechaEscenario2

Host: AMD EPYC 7763 64-Core Processor                , 2 cores, 7G,  Windows 11 , 64 bit Build 26100 (10.0.26100.712)
Time: Wed Jun 26 01:35:09 2024 Hora estándar, América Central elapsed time: 12.482157 seconds (0d 0h 0m 12s)

---------------  T H R E A D  ---------------

Current thread (0x000001845f6957d0):  JavaThread "C2 CompilerThread0" daemon [_thread_in_native, id=14964, stack(0x0000003733f00000,0x0000003734000000) (1024K)]


Current CompileTask:
C2:12482 5988       4       org.springframework.core.ResolvableType::as (86 bytes)

Stack: [0x0000003733f00000,0x0000003734000000]
Native frames: (J=compiled Java code, j=interpreted, Vv=VM code, C=native code)
V  [jvm.dll+0x6e2279]  (no source info available)
V  [jvm.dll+0x874e33]  (no source info available)
V  [jvm.dll+0x87725e]  (no source info available)
V  [jvm.dll+0x877933]  (no source info available)
V  [jvm.dll+0x27fd76]  (no source info available)
V  [jvm.dll+0xc3d0f]  (no source info available)
V  [jvm.dll+0xc3f6b]  (no source info available)
V  [jvm.dll+0x3bb0d2]  (no source info available)
V  [jvm.dll+0x387b6b]  (no source info available)
V  [jvm.dll+0x386fda]  (no source info available)
V  [jvm.dll+0x247918]  (no source info available)
V  [jvm.dll+0x246fbf]  (no source info available)
V  [jvm.dll+0x1c4e90]  (no source info available)
V  [jvm.dll+0x2569fe]  (no source info available)
V  [jvm.dll+0x254cba]  (no source info available)
V  [jvm.dll+0x3f5336]  (no source info available)
V  [jvm.dll+0x81d44b]  (no source info available)
V  [jvm.dll+0x6e0915]  (no source info available)
C  [ucrtbase.dll+0x14ea0]  (no source info available)
C  [KERNEL32.DLL+0x31fd7]  (no source info available)
C  [ntdll.dll+0xda95c]  (no source info available)


---------------  P R O C E S S  ---------------

Threads class SMR info:
_java_thread_list=0x000001845f860960, length=15, elements={
0x00000184418cfa60, 0x000001845f6884d0, 0x000001845f689d50, 0x000001845f68fb00,
0x000001845f690560, 0x000001845f692fd0, 0x000001845f693a30, 0x000001845f6957d0,
0x000001845f6a0380, 0x000001845f65a3f0, 0x000001845fa3a180, 0x000001845fa43000,
0x00000184a56c9910, 0x00000184a59942a0, 0x00000184a55a4000
}

Java Threads: ( => current thread )
  0x00000184418cfa60 JavaThread "main"                              [_thread_in_native, id=16524, stack(0x0000003733100000,0x0000003733200000) (1024K)]
  0x000001845f6884d0 JavaThread "Reference Handler"          daemon [_thread_blocked, id=16080, stack(0x0000003733900000,0x0000003733a00000) (1024K)]
  0x000001845f689d50 JavaThread "Finalizer"                  daemon [_thread_blocked, id=1412, stack(0x0000003733a00000,0x0000003733b00000) (1024K)]
  0x000001845f68fb00 JavaThread "Signal Dispatcher"          daemon [_thread_blocked, id=7328, stack(0x0000003733b00000,0x0000003733c00000) (1024K)]
  0x000001845f690560 JavaThread "Attach Listener"            daemon [_thread_blocked, id=12780, stack(0x0000003733c00000,0x0000003733d00000) (1024K)]
  0x000001845f692fd0 JavaThread "Service Thread"             daemon [_thread_blocked, id=1472, stack(0x0000003733d00000,0x0000003733e00000) (1024K)]
  0x000001845f693a30 JavaThread "Monitor Deflation Thread"   daemon [_thread_blocked, id=8384, stack(0x0000003733e00000,0x0000003733f00000) (1024K)]
=>0x000001845f6957d0 JavaThread "C2 CompilerThread0"         daemon [_thread_in_native, id=14964, stack(0x0000003733f00000,0x0000003734000000) (1024K)]
  0x000001845f6a0380 JavaThread "C1 CompilerThread0"         daemon [_thread_blocked, id=15336, stack(0x0000003734000000,0x0000003734100000) (1024K)]
  0x000001845f65a3f0 JavaThread "Common-Cleaner"             daemon [_thread_blocked, id=21704, stack(0x0000003734100000,0x0000003734200000) (1024K)]
  0x000001845fa3a180 JavaThread "Monitor Ctrl-Break"         daemon [_thread_in_native, id=19624, stack(0x0000003734200000,0x0000003734300000) (1024K)]
  0x000001845fa43000 JavaThread "Notification Thread"        daemon [_thread_blocked, id=11204, stack(0x0000003734300000,0x0000003734400000) (1024K)]
  0x00000184a56c9910 JavaThread "mysql-cj-abandoned-connection-cleanup" daemon [_thread_blocked, id=19504, stack(0x0000003734500000,0x0000003734600000) (1024K)]
  0x00000184a59942a0 JavaThread "HikariPool-1 housekeeper"   daemon [_thread_blocked, id=17368, stack(0x0000003734700000,0x0000003734800000) (1024K)]
  0x00000184a55a4000 JavaThread "HikariPool-1 connection adder" daemon [_thread_blocked, id=21948, stack(0x0000003734800000,0x0000003734900000) (1024K)]
Total: 15

Other Threads:
  0x000001845f673490 VMThread "VM Thread"                           [id=22104, stack(0x0000003733800000,0x0000003733900000) (1024K)]
  0x000001845f6587c0 WatcherThread "VM Periodic Task Thread"        [id=13856, stack(0x0000003733700000,0x0000003733800000) (1024K)]
  0x00000184433132a0 WorkerThread "GC Thread#0"                     [id=13364, stack(0x0000003733200000,0x0000003733300000) (1024K)]
  0x000001845fc0c130 WorkerThread "GC Thread#1"                     [id=15808, stack(0x0000003734400000,0x0000003734500000) (1024K)]
  0x0000018443324310 ConcurrentGCThread "G1 Main Marker"            [id=21896, stack(0x0000003733300000,0x0000003733400000) (1024K)]
  0x0000018443324e20 WorkerThread "G1 Conc#0"                       [id=16104, stack(0x0000003733400000,0x0000003733500000) (1024K)]
  0x000001844336ea00 ConcurrentGCThread "G1 Refine#0"               [id=15268, stack(0x0000003733500000,0x0000003733600000) (1024K)]
  0x000001845f517750 ConcurrentGCThread "G1 Service"                [id=15932, stack(0x0000003733600000,0x0000003733700000) (1024K)]
Total: 8

Threads with active compile tasks:
C2 CompilerThread0  12694 5988       4       org.springframework.core.ResolvableType::as (86 bytes)
Total: 1

VM state: not at safepoint (normal execution)

VM Mutex/Monitor currently owned by a thread: None

Heap address: 0x0000000080000000, size: 2048 MB, Compressed Oops mode: 32-bit

CDS archive(s) mapped at: [0x0000018460000000-0x0000018460c60000-0x0000018460c60000), size 12976128, SharedBaseAddress: 0x0000018460000000, ArchiveRelocationMode: 1.
Compressed class space mapped at: 0x0000018461000000-0x00000184a1000000, reserved size: 1073741824
Narrow klass base: 0x0000018460000000, Narrow klass shift: 0, Narrow klass range: 0x41000000

GC Precious Log:
 CardTable entry size: 512
 Card Set container configuration: InlinePtr #cards 5 size 8 Array Of Cards #cards 12 size 40 Howl #buckets 4 coarsen threshold 1843 Howl Bitmap #cards 512 size 80 coarsen threshold 460 Card regions per heap region 1 cards per card region 2048
 CPUs: 2 total, 2 available
 Memory: 8190M
 Large Page Support: Disabled
 NUMA Support: Disabled
 Compressed Oops: Enabled (32-bit)
 Heap Region Size: 1M
 Heap Min Capacity: 8M
 Heap Initial Capacity: 128M
 Heap Max Capacity: 2G
 Pre-touch: Disabled
 Parallel Workers: 2
 Concurrent Workers: 1
 Concurrent Refinement Workers: 2
 Periodic GC: Disabled

Heap:
 garbage-first heap   total reserved 2097152K, committed 58368K, used 35329K [0x0000000080000000, 0x0000000100000000)
  region size 1024K, 13 young (13312K), 4 survivors (4096K)
 Metaspace       used 66302K, committed 67008K, reserved 1114112K
  class space    used 9219K, committed 9536K, reserved 1048576K

Heap Regions: E=young(eden), S=young(survivor), O=old, HS=humongous(starts), HC=humongous(continues), CS=collection set, F=free, TAMS=top-at-mark-start, PB=parsable bottom
|   0|0x0000000080000000, 0x0000000080100000, 0x0000000080100000|100%|HS|  |TAMS 0x0000000080000000| PB 0x0000000080000000| Complete |  0
|   1|0x0000000080100000, 0x0000000080200000, 0x0000000080200000|100%| O|  |TAMS 0x0000000080100000| PB 0x0000000080100000| Untracked |  0
|   2|0x0000000080200000, 0x0000000080300000, 0x0000000080300000|100%| O|  |TAMS 0x0000000080200000| PB 0x0000000080200000| Untracked |  0
|   3|0x0000000080300000, 0x0000000080400000, 0x0000000080400000|100%| O|  |TAMS 0x0000000080300000| PB 0x0000000080300000| Untracked |  0
|   4|0x0000000080400000, 0x0000000080500000, 0x0000000080500000|100%| O|  |TAMS 0x0000000080400000| PB 0x0000000080400000| Untracked |  0
|   5|0x0000000080500000, 0x0000000080600000, 0x0000000080600000|100%| O|  |TAMS 0x0000000080500000| PB 0x0000000080500000| Untracked |  0
|   6|0x0000000080600000, 0x0000000080700000, 0x0000000080700000|100%| O|  |TAMS 0x0000000080600000| PB 0x0000000080600000| Untracked |  0
|   7|0x0000000080700000, 0x0000000080800000, 0x0000000080800000|100%| O|  |TAMS 0x0000000080700000| PB 0x0000000080700000| Untracked |  0
|   8|0x0000000080800000, 0x0000000080900000, 0x0000000080900000|100%| O|  |TAMS 0x0000000080800000| PB 0x0000000080800000| Untracked |  0
|   9|0x0000000080900000, 0x0000000080a00000, 0x0000000080a00000|100%| O|  |TAMS 0x0000000080900000| PB 0x0000000080900000| Untracked |  0
|  10|0x0000000080a00000, 0x0000000080b00000, 0x0000000080b00000|100%| O|  |TAMS 0x0000000080a00000| PB 0x0000000080a00000| Untracked |  0
|  11|0x0000000080b00000, 0x0000000080c00000, 0x0000000080c00000|100%| O|  |TAMS 0x0000000080b00000| PB 0x0000000080b00000| Untracked |  0
|  12|0x0000000080c00000, 0x0000000080d00000, 0x0000000080d00000|100%| O|  |TAMS 0x0000000080c00000| PB 0x0000000080c00000| Untracked |  0
|  13|0x0000000080d00000, 0x0000000080e00000, 0x0000000080e00000|100%| O|  |TAMS 0x0000000080d00000| PB 0x0000000080d00000| Untracked |  0
|  14|0x0000000080e00000, 0x0000000080f00000, 0x0000000080f00000|100%| O|Cm|TAMS 0x0000000080e00000| PB 0x0000000080e00000| Complete |  0
|  15|0x0000000080f00000, 0x0000000081000000, 0x0000000081000000|100%| O|  |TAMS 0x0000000080f00000| PB 0x0000000080f00000| Untracked |  0
|  16|0x0000000081000000, 0x0000000081100000, 0x0000000081100000|100%| O|  |TAMS 0x0000000081000000| PB 0x0000000081000000| Untracked |  0
|  17|0x0000000081100000, 0x0000000081200000, 0x0000000081200000|100%| O|  |TAMS 0x0000000081100000| PB 0x0000000081100000| Untracked |  0
|  18|0x0000000081200000, 0x0000000081300000, 0x0000000081300000|100%| O|  |TAMS 0x0000000081200000| PB 0x0000000081200000| Untracked |  0
|  19|0x0000000081300000, 0x0000000081400000, 0x0000000081400000|100%| O|  |TAMS 0x0000000081300000| PB 0x0000000081300000| Untracked |  0
|  20|0x0000000081400000, 0x0000000081500000, 0x0000000081500000|100%| O|  |TAMS 0x0000000081400000| PB 0x0000000081400000| Untracked |  0
|  21|0x0000000081500000, 0x0000000081600000, 0x0000000081600000|100%| O|  |TAMS 0x0000000081500000| PB 0x0000000081500000| Untracked |  0
|  22|0x0000000081600000, 0x0000000081700000, 0x0000000081700000|100%| O|  |TAMS 0x0000000081600000| PB 0x0000000081600000| Untracked |  0
|  23|0x0000000081700000, 0x0000000081737010, 0x0000000081800000| 21%| O|  |TAMS 0x0000000081700000| PB 0x0000000081700000| Untracked |  0
|  24|0x0000000081800000, 0x0000000081800000, 0x0000000081900000|  0%| F|  |TAMS 0x0000000081800000| PB 0x0000000081800000| Untracked |  0
|  25|0x0000000081900000, 0x0000000081900000, 0x0000000081a00000|  0%| F|  |TAMS 0x0000000081900000| PB 0x0000000081900000| Untracked |  0
|  26|0x0000000081a00000, 0x0000000081a49660, 0x0000000081b00000| 28%| S|CS|TAMS 0x0000000081a00000| PB 0x0000000081a00000| Complete |  0
|  27|0x0000000081b00000, 0x0000000081c00000, 0x0000000081c00000|100%| S|CS|TAMS 0x0000000081b00000| PB 0x0000000081b00000| Complete |  0
|  28|0x0000000081c00000, 0x0000000081d00000, 0x0000000081d00000|100%| S|CS|TAMS 0x0000000081c00000| PB 0x0000000081c00000| Complete |  0
|  29|0x0000000081d00000, 0x0000000081e00000, 0x0000000081e00000|100%| S|CS|TAMS 0x0000000081d00000| PB 0x0000000081d00000| Complete |  0
|  30|0x0000000081e00000, 0x0000000081e00000, 0x0000000081f00000|  0%| F|  |TAMS 0x0000000081e00000| PB 0x0000000081e00000| Untracked |  0
|  31|0x0000000081f00000, 0x0000000081f00000, 0x0000000082000000|  0%| F|  |TAMS 0x0000000081f00000| PB 0x0000000081f00000| Untracked |  0
|  32|0x0000000082000000, 0x0000000082000000, 0x0000000082100000|  0%| F|  |TAMS 0x0000000082000000| PB 0x0000000082000000| Untracked |  0
|  33|0x0000000082100000, 0x0000000082100000, 0x0000000082200000|  0%| F|  |TAMS 0x0000000082100000| PB 0x0000000082100000| Untracked |  0
|  34|0x0000000082200000, 0x0000000082200000, 0x0000000082300000|  0%| F|  |TAMS 0x0000000082200000| PB 0x0000000082200000| Untracked |  0
|  35|0x0000000082300000, 0x0000000082300000, 0x0000000082400000|  0%| F|  |TAMS 0x0000000082300000| PB 0x0000000082300000| Untracked |  0
|  36|0x0000000082400000, 0x0000000082400000, 0x0000000082500000|  0%| F|  |TAMS 0x0000000082400000| PB 0x0000000082400000| Untracked |  0
|  37|0x0000000082500000, 0x0000000082500000, 0x0000000082600000|  0%| F|  |TAMS 0x0000000082500000| PB 0x0000000082500000| Untracked |  0
|  38|0x0000000082600000, 0x0000000082600000, 0x0000000082700000|  0%| F|  |TAMS 0x0000000082600000| PB 0x0000000082600000| Untracked |  0
|  39|0x0000000082700000, 0x0000000082700000, 0x0000000082800000|  0%| F|  |TAMS 0x0000000082700000| PB 0x0000000082700000| Untracked |  0
|  40|0x0000000082800000, 0x0000000082800000, 0x0000000082900000|  0%| F|  |TAMS 0x0000000082800000| PB 0x0000000082800000| Untracked |  0
|  41|0x0000000082900000, 0x0000000082900000, 0x0000000082a00000|  0%| F|  |TAMS 0x0000000082900000| PB 0x0000000082900000| Untracked |  0
|  42|0x0000000082a00000, 0x0000000082a00000, 0x0000000082b00000|  0%| F|  |TAMS 0x0000000082a00000| PB 0x0000000082a00000| Untracked |  0
|  43|0x0000000082b00000, 0x0000000082b00000, 0x0000000082c00000|  0%| F|  |TAMS 0x0000000082b00000| PB 0x0000000082b00000| Untracked |  0
|  44|0x0000000082c00000, 0x0000000082c00000, 0x0000000082d00000|  0%| F|  |TAMS 0x0000000082c00000| PB 0x0000000082c00000| Untracked |  0
|  45|0x0000000082d00000, 0x0000000082d00000, 0x0000000082e00000|  0%| F|  |TAMS 0x0000000082d00000| PB 0x0000000082d00000| Untracked |  0
|  46|0x0000000082e00000, 0x0000000082e00000, 0x0000000082f00000|  0%| F|  |TAMS 0x0000000082e00000| PB 0x0000000082e00000| Untracked |  0
|  47|0x0000000082f00000, 0x0000000082f00000, 0x0000000083000000|  0%| F|  |TAMS 0x0000000082f00000| PB 0x0000000082f00000| Untracked |  0
|  48|0x0000000083000000, 0x00000000830e5ff8, 0x0000000083100000| 89%| E|  |TAMS 0x0000000083000000| PB 0x0000000083000000| Complete |  0
|  55|0x0000000083700000, 0x0000000083800000, 0x0000000083800000|100%| E|CS|TAMS 0x0000000083700000| PB 0x0000000083700000| Complete |  0
|  56|0x0000000083800000, 0x0000000083900000, 0x0000000083900000|100%| E|CS|TAMS 0x0000000083800000| PB 0x0000000083800000| Complete |  0
|  57|0x0000000083900000, 0x0000000083a00000, 0x0000000083a00000|100%| E|CS|TAMS 0x0000000083900000| PB 0x0000000083900000| Complete |  0
|  58|0x0000000083a00000, 0x0000000083b00000, 0x0000000083b00000|100%| E|CS|TAMS 0x0000000083a00000| PB 0x0000000083a00000| Complete |  0
|  59|0x0000000083b00000, 0x0000000083c00000, 0x0000000083c00000|100%| E|CS|TAMS 0x0000000083b00000| PB 0x0000000083b00000| Complete |  0
|  60|0x0000000083c00000, 0x0000000083d00000, 0x0000000083d00000|100%| E|CS|TAMS 0x0000000083c00000| PB 0x0000000083c00000| Complete |  0
|  61|0x0000000083d00000, 0x0000000083e00000, 0x0000000083e00000|100%| E|CS|TAMS 0x0000000083d00000| PB 0x0000000083d00000| Complete |  0
| 127|0x0000000087f00000, 0x0000000088000000, 0x0000000088000000|100%| E|CS|TAMS 0x0000000087f00000| PB 0x0000000087f00000| Complete |  0

Card table byte_map: [0x000001845aeb0000,0x000001845b2b0000] _byte_map_base: 0x000001845aab0000

Marking Bits: (CMBitMap*) 0x00000184433139b0
 Bits: [0x000001845b2b0000, 0x000001845d2b0000)

Polling page: 0x0000018441850000

Metaspace:

Usage:
  Non-class:     55.75 MB used.
      Class:      9.01 MB used.
       Both:     64.76 MB used.

Virtual space:
  Non-class space:       64.00 MB reserved,      56.12 MB ( 88%) committed,  1 nodes.
      Class space:        1.00 GB reserved,       9.31 MB ( <1%) committed,  1 nodes.
             Both:        1.06 GB reserved,      65.44 MB (  6%) committed. 

Chunk freelists:
   Non-Class:  7.81 MB
       Class:  6.66 MB
        Both:  14.47 MB

MaxMetaspaceSize: unlimited
CompressedClassSpaceSize: 1.00 GB
Initial GC threshold: 21.00 MB
Current GC threshold: 97.94 MB
CDS: on
 - commit_granule_bytes: 65536.
 - commit_granule_words: 8192.
 - virtual_space_node_default_size: 8388608.
 - enlarge_chunks_in_place: 1.
 - use_allocation_guard: 0.


Internal statistics:

num_allocs_failed_limit: 9.
num_arena_births: 902.
num_arena_deaths: 0.
num_vsnodes_births: 2.
num_vsnodes_deaths: 0.
num_space_committed: 1047.
num_space_uncommitted: 0.
num_chunks_returned_to_freelist: 9.
num_chunks_taken_from_freelist: 3197.
num_chunk_merges: 6.
num_chunk_splits: 2260.
num_chunks_enlarged: 1735.
num_inconsistent_stats: 0.

CodeHeap 'non-profiled nmethods': size=120064Kb used=2756Kb max_used=2756Kb free=117307Kb
 bounds [0x0000018453160000, 0x0000018453420000, 0x000001845a6a0000]
CodeHeap 'profiled nmethods': size=120000Kb used=9861Kb max_used=9888Kb free=110139Kb
 bounds [0x000001844b6a0000, 0x000001844c060000, 0x0000018452bd0000]
CodeHeap 'non-nmethods': size=5696Kb used=1765Kb max_used=1792Kb free=3930Kb
 bounds [0x0000018452bd0000, 0x0000018452e40000, 0x0000018453160000]
 total_blobs=6106 nmethods=5327 adapters=683
 compilation: enabled
              stopped_count=0, restarted_count=0
 full_count=0

Compilation events (20 events):
Event: 12.179 Thread 0x000001845f6a0380 6005       3       java.lang.invoke.LambdaForm$DMH/0x00000184610d8400::newInvokeSpecial (32 bytes)
Event: 12.179 Thread 0x000001845f6a0380 nmethod 6005 0x000001844b74fc90 code [0x000001844b74fe80, 0x000001844b7504d8]
Event: 12.179 Thread 0x000001845f6a0380 6006   !   3       org.springframework.util.ConcurrentReferenceHashMap$Segment::doTask (179 bytes)
Event: 12.180 Thread 0x000001845f6a0380 nmethod 6006 0x000001844b74d490 code [0x000001844b74d860, 0x000001844b74f0e0]
Event: 12.181 Thread 0x000001845f6a0380 6007       3       java.util.Spliterators::spliteratorUnknownSize (16 bytes)
Event: 12.182 Thread 0x000001845f6a0380 nmethod 6007 0x000001844b74cc10 code [0x000001844b74cde0, 0x000001844b74d2e0]
Event: 12.182 Thread 0x000001845f6a0380 6009       3       java.util.stream.Collectors::toList (26 bytes)
Event: 12.182 Thread 0x000001845f6a0380 nmethod 6009 0x000001844b74c210 code [0x000001844b74c420, 0x000001844b74ca78]
Event: 12.182 Thread 0x000001845f6a0380 6008       3       java.util.Spliterators$IteratorSpliterator::<init> (31 bytes)
Event: 12.182 Thread 0x000001845f6a0380 nmethod 6008 0x000001844bd23f10 code [0x000001844bd240c0, 0x000001844bd242d0]
Event: 12.188 Thread 0x000001845f6a0380 6010       3       java.util.stream.ReferencePipeline::anyMatch (18 bytes)
Event: 12.188 Thread 0x000001845f6a0380 nmethod 6010 0x000001844bd23a10 code [0x000001844bd23bc0, 0x000001844bd23e40]
Event: 12.207 Thread 0x000001845f6a0380 6011       3       java.lang.invoke.VarHandleReferences$Array::runtimeTypeCheck (26 bytes)
Event: 12.207 Thread 0x000001845f6a0380 nmethod 6011 0x000001844bd22c10 code [0x000001844bd22e60, 0x000001844bd23630]
Event: 12.212 Thread 0x000001845f6a0380 6012       3       java.lang.reflect.Executable::sharedGetParameterAnnotations (96 bytes)
Event: 12.213 Thread 0x000001845f6a0380 nmethod 6012 0x000001844bd21810 code [0x000001844bd21aa0, 0x000001844bd227c0]
Event: 12.321 Thread 0x000001845f6a0380 6013       3       java.lang.Character$UnicodeBlock::<init> (17 bytes)
Event: 12.321 Thread 0x000001845f6a0380 nmethod 6013 0x000001844bd21010 code [0x000001844bd21200, 0x000001844bd21698]
Event: 12.326 Thread 0x000001845f6a0380 6014       3       java.util.Formatter::ensureOpen (16 bytes)
Event: 12.326 Thread 0x000001845f6a0380 nmethod 6014 0x000001844bd20b90 code [0x000001844bd20d40, 0x000001844bd20f00]

GC Heap History (20 events):
Event: 4.885 GC heap before
{Heap before GC invocations=5 (full 0):
 garbage-first heap   total reserved 2097152K, committed 48128K, used 33884K [0x0000000080000000, 0x0000000100000000)
  region size 1024K, 28 young (28672K), 7 survivors (7168K)
 Metaspace       used 24598K, committed 24896K, reserved 1114112K
  class space    used 3212K, committed 3328K, reserved 1048576K
}
Event: 4.899 GC heap after
{Heap after GC invocations=6 (full 0):
 garbage-first heap   total reserved 2097152K, committed 48128K, used 16104K [0x0000000080000000, 0x0000000100000000)
  region size 1024K, 3 young (3072K), 3 survivors (3072K)
 Metaspace       used 24598K, committed 24896K, reserved 1114112K
  class space    used 3212K, committed 3328K, reserved 1048576K
}
Event: 5.634 GC heap before
{Heap before GC invocations=6 (full 0):
 garbage-first heap   total reserved 2097152K, committed 48128K, used 36584K [0x0000000080000000, 0x0000000100000000)
  region size 1024K, 23 young (23552K), 3 survivors (3072K)
 Metaspace       used 28715K, committed 29120K, reserved 1114112K
  class space    used 3806K, committed 4032K, reserved 1048576K
}
Event: 5.641 GC heap after
{Heap after GC invocations=7 (full 0):
 garbage-first heap   total reserved 2097152K, committed 48128K, used 17343K [0x0000000080000000, 0x0000000100000000)
  region size 1024K, 2 young (2048K), 2 survivors (2048K)
 Metaspace       used 28715K, committed 29120K, reserved 1114112K
  class space    used 3806K, committed 4032K, reserved 1048576K
}
Event: 6.539 GC heap before
{Heap before GC invocations=7 (full 0):
 garbage-first heap   total reserved 2097152K, committed 48128K, used 38847K [0x0000000080000000, 0x0000000100000000)
  region size 1024K, 23 young (23552K), 2 survivors (2048K)
 Metaspace       used 32601K, committed 33024K, reserved 1114112K
  class space    used 4347K, committed 4544K, reserved 1048576K
}
Event: 6.547 GC heap after
{Heap after GC invocations=8 (full 0):
 garbage-first heap   total reserved 2097152K, committed 48128K, used 19290K [0x0000000080000000, 0x0000000100000000)
  region size 1024K, 2 young (2048K), 2 survivors (2048K)
 Metaspace       used 32601K, committed 33024K, reserved 1114112K
  class space    used 4347K, committed 4544K, reserved 1048576K
}
Event: 7.022 GC heap before
{Heap before GC invocations=8 (full 0):
 garbage-first heap   total reserved 2097152K, committed 48128K, used 25434K [0x0000000080000000, 0x0000000100000000)
  region size 1024K, 9 young (9216K), 2 survivors (2048K)
 Metaspace       used 35555K, committed 35968K, reserved 1114112K
  class space    used 4676K, committed 4864K, reserved 1048576K
}
Event: 7.028 GC heap after
{Heap after GC invocations=9 (full 0):
 garbage-first heap   total reserved 2097152K, committed 48128K, used 20278K [0x0000000080000000, 0x0000000100000000)
  region size 1024K, 2 young (2048K), 2 survivors (2048K)
 Metaspace       used 35555K, committed 35968K, reserved 1114112K
  class space    used 4676K, committed 4864K, reserved 1048576K
}
Event: 8.468 GC heap before
{Heap before GC invocations=10 (full 0):
 garbage-first heap   total reserved 2097152K, committed 48128K, used 38710K [0x0000000080000000, 0x0000000100000000)
  region size 1024K, 20 young (20480K), 2 survivors (2048K)
 Metaspace       used 42149K, committed 42752K, reserved 1114112K
  class space    used 5496K, committed 5760K, reserved 1048576K
}
Event: 8.473 GC heap after
{Heap after GC invocations=11 (full 0):
 garbage-first heap   total reserved 2097152K, committed 48128K, used 21645K [0x0000000080000000, 0x0000000100000000)
  region size 1024K, 3 young (3072K), 3 survivors (3072K)
 Metaspace       used 42149K, committed 42752K, reserved 1114112K
  class space    used 5496K, committed 5760K, reserved 1048576K
}
Event: 9.367 GC heap before
{Heap before GC invocations=11 (full 0):
 garbage-first heap   total reserved 2097152K, committed 48128K, used 39053K [0x0000000080000000, 0x0000000100000000)
  region size 1024K, 21 young (21504K), 3 survivors (3072K)
 Metaspace       used 46257K, committed 46784K, reserved 1114112K
  class space    used 6173K, committed 6400K, reserved 1048576K
}
Event: 9.374 GC heap after
{Heap after GC invocations=12 (full 0):
 garbage-first heap   total reserved 2097152K, committed 48128K, used 22665K [0x0000000080000000, 0x0000000100000000)
  region size 1024K, 3 young (3072K), 3 survivors (3072K)
 Metaspace       used 46257K, committed 46784K, reserved 1114112K
  class space    used 6173K, committed 6400K, reserved 1048576K
}
Event: 10.010 GC heap before
{Heap before GC invocations=12 (full 0):
 garbage-first heap   total reserved 2097152K, committed 48128K, used 40073K [0x0000000080000000, 0x0000000100000000)
  region size 1024K, 21 young (21504K), 3 survivors (3072K)
 Metaspace       used 50796K, committed 51392K, reserved 1114112K
  class space    used 6860K, committed 7168K, reserved 1048576K
}
Event: 10.017 GC heap after
{Heap after GC invocations=13 (full 0):
 garbage-first heap   total reserved 2097152K, committed 48128K, used 23690K [0x0000000080000000, 0x0000000100000000)
  region size 1024K, 3 young (3072K), 3 survivors (3072K)
 Metaspace       used 50796K, committed 51392K, reserved 1114112K
  class space    used 6860K, committed 7168K, reserved 1048576K
}
Event: 10.519 GC heap before
{Heap before GC invocations=13 (full 0):
 garbage-first heap   total reserved 2097152K, committed 48128K, used 40074K [0x0000000080000000, 0x0000000100000000)
  region size 1024K, 20 young (20480K), 3 survivors (3072K)
 Metaspace       used 55327K, committed 56000K, reserved 1114112K
  class space    used 7439K, committed 7744K, reserved 1048576K
}
Event: 10.525 GC heap after
{Heap after GC invocations=14 (full 0):
 garbage-first heap   total reserved 2097152K, committed 48128K, used 24712K [0x0000000080000000, 0x0000000100000000)
  region size 1024K, 2 young (2048K), 2 survivors (2048K)
 Metaspace       used 55327K, committed 56000K, reserved 1114112K
  class space    used 7439K, committed 7744K, reserved 1048576K
}
Event: 11.043 GC heap before
{Heap before GC invocations=14 (full 0):
 garbage-first heap   total reserved 2097152K, committed 48128K, used 39048K [0x0000000080000000, 0x0000000100000000)
  region size 1024K, 17 young (17408K), 2 survivors (2048K)
 Metaspace       used 59499K, committed 60096K, reserved 1114112K
  class space    used 8197K, committed 8512K, reserved 1048576K
}
Event: 11.052 GC heap after
{Heap after GC invocations=15 (full 0):
 garbage-first heap   total reserved 2097152K, committed 58368K, used 25166K [0x0000000080000000, 0x0000000100000000)
  region size 1024K, 2 young (2048K), 2 survivors (2048K)
 Metaspace       used 59499K, committed 60096K, reserved 1114112K
  class space    used 8197K, committed 8512K, reserved 1048576K
}
Event: 11.942 GC heap before
{Heap before GC invocations=16 (full 0):
 garbage-first heap   total reserved 2097152K, committed 58368K, used 49742K [0x0000000080000000, 0x0000000100000000)
  region size 1024K, 27 young (27648K), 2 survivors (2048K)
 Metaspace       used 64405K, committed 65152K, reserved 1114112K
  class space    used 8892K, committed 9216K, reserved 1048576K
}
Event: 11.949 GC heap after
{Heap after GC invocations=17 (full 0):
 garbage-first heap   total reserved 2097152K, committed 58368K, used 27137K [0x0000000080000000, 0x0000000100000000)
  region size 1024K, 4 young (4096K), 4 survivors (4096K)
 Metaspace       used 64405K, committed 65152K, reserved 1114112K
  class space    used 8892K, committed 9216K, reserved 1048576K
}

Dll operation events (13 events):
Event: 0.017 Loaded shared library C:\Program Files\Java\jdk-22\bin\java.dll
Event: 0.081 Loaded shared library C:\Program Files\Java\jdk-22\bin\jsvml.dll
Event: 0.249 Loaded shared library C:\Program Files\Java\jdk-22\bin\zip.dll
Event: 0.254 Loaded shared library C:\Program Files\Java\jdk-22\bin\instrument.dll
Event: 0.260 Loaded shared library C:\Program Files\Java\jdk-22\bin\net.dll
Event: 0.262 Loaded shared library C:\Program Files\Java\jdk-22\bin\nio.dll
Event: 0.274 Loaded shared library C:\Program Files\Java\jdk-22\bin\zip.dll
Event: 0.301 Loaded shared library C:\Users\Enrique\AppData\Local\Programs\IntelliJ IDEA Ultimate\bin\breakgen64.dll
Event: 0.363 Loaded shared library C:\Program Files\Java\jdk-22\bin\extnet.dll
Event: 0.506 Loaded shared library C:\Program Files\Java\jdk-22\bin\jimage.dll
Event: 3.122 Loaded shared library C:\Program Files\Java\jdk-22\bin\le.dll
Event: 5.312 Loaded shared library C:\Program Files\Java\jdk-22\bin\sunmscapi.dll
Event: 8.986 Loaded shared library C:\Program Files\Java\jdk-22\bin\verify.dll

Deoptimization events (20 events):
Event: 12.028 Thread 0x00000184418cfa60 Uncommon trap: trap_request=0xffffffde fr.pc=0x00000184531b0090 relative=0x0000000000000550
Event: 12.028 Thread 0x00000184418cfa60 Uncommon trap: reason=class_check action=maybe_recompile pc=0x00000184531b0090 method=org.springframework.util.ConcurrentReferenceHashMap$Segment.findInChain(Lorg/springframework/util/ConcurrentReferenceHashMap$Reference;Ljava/lang/Object;I)Lorg/springfra
Event: 12.028 Thread 0x00000184418cfa60 DEOPT PACKING pc=0x00000184531b0090 sp=0x00000037331faf60
Event: 12.028 Thread 0x00000184418cfa60 DEOPT UNPACKING pc=0x0000018452c246a2 sp=0x00000037331fad88 mode 2
Event: 12.028 Thread 0x00000184418cfa60 Uncommon trap: trap_request=0xffffffde fr.pc=0x00000184531b0090 relative=0x0000000000000550
Event: 12.028 Thread 0x00000184418cfa60 Uncommon trap: reason=class_check action=maybe_recompile pc=0x00000184531b0090 method=org.springframework.util.ConcurrentReferenceHashMap$Segment.findInChain(Lorg/springframework/util/ConcurrentReferenceHashMap$Reference;Ljava/lang/Object;I)Lorg/springfra
Event: 12.028 Thread 0x00000184418cfa60 DEOPT PACKING pc=0x00000184531b0090 sp=0x00000037331faf60
Event: 12.028 Thread 0x00000184418cfa60 DEOPT UNPACKING pc=0x0000018452c246a2 sp=0x00000037331fad88 mode 2
Event: 12.029 Thread 0x00000184418cfa60 Uncommon trap: trap_request=0xffffffde fr.pc=0x000001845325f6bc relative=0x00000000000001fc
Event: 12.029 Thread 0x00000184418cfa60 Uncommon trap: reason=class_check action=maybe_recompile pc=0x000001845325f6bc method=org.springframework.util.ConcurrentReferenceHashMap$Segment.findInChain(Lorg/springframework/util/ConcurrentReferenceHashMap$Reference;Ljava/lang/Object;I)Lorg/springfra
Event: 12.029 Thread 0x00000184418cfa60 DEOPT PACKING pc=0x000001845325f6bc sp=0x00000037331fadd0
Event: 12.029 Thread 0x00000184418cfa60 DEOPT UNPACKING pc=0x0000018452c246a2 sp=0x00000037331fad78 mode 2
Event: 12.222 Thread 0x00000184418cfa60 Uncommon trap: trap_request=0xffffffbe fr.pc=0x00000184533bf7a8 relative=0x0000000000000388
Event: 12.222 Thread 0x00000184418cfa60 Uncommon trap: reason=profile_predicate action=maybe_recompile pc=0x00000184533bf7a8 method=java.util.Arrays$ArrayList.indexOf(Ljava/lang/Object;)I @ 39 c2
Event: 12.222 Thread 0x00000184418cfa60 DEOPT PACKING pc=0x00000184533bf7a8 sp=0x00000037331fb470
Event: 12.222 Thread 0x00000184418cfa60 DEOPT UNPACKING pc=0x0000018452c246a2 sp=0x00000037331fb3e8 mode 2
Event: 12.222 Thread 0x00000184418cfa60 Uncommon trap: trap_request=0xffffffbe fr.pc=0x00000184533bf7a8 relative=0x0000000000000388
Event: 12.222 Thread 0x00000184418cfa60 Uncommon trap: reason=profile_predicate action=maybe_recompile pc=0x00000184533bf7a8 method=java.util.Arrays$ArrayList.indexOf(Ljava/lang/Object;)I @ 39 c2
Event: 12.222 Thread 0x00000184418cfa60 DEOPT PACKING pc=0x00000184533bf7a8 sp=0x00000037331fb470
Event: 12.222 Thread 0x00000184418cfa60 DEOPT UNPACKING pc=0x0000018452c246a2 sp=0x00000037331fb3e8 mode 2

Classes loaded (20 events):
Event: 12.025 Loading class java/util/WeakHashMap$KeyIterator
Event: 12.025 Loading class java/util/WeakHashMap$HashIterator
Event: 12.025 Loading class java/util/WeakHashMap$HashIterator done
Event: 12.025 Loading class java/util/WeakHashMap$KeyIterator done
Event: 12.025 Loading class java/util/WeakHashMap$EntrySet
Event: 12.025 Loading class java/util/WeakHashMap$EntrySet done
Event: 12.025 Loading class java/util/WeakHashMap$EntryIterator
Event: 12.025 Loading class java/util/WeakHashMap$EntryIterator done
Event: 12.185 Loading class java/lang/Package$1PackageInfoProxy
Event: 12.185 Loading class java/lang/Package$1PackageInfoProxy done
Event: 12.206 Loading class java/util/stream/ReduceOps$5
Event: 12.206 Loading class java/util/stream/ReduceOps$5 done
Event: 12.206 Loading class java/util/stream/ReduceOps$CountingSink$OfRef
Event: 12.206 Loading class java/util/stream/ReduceOps$CountingSink
Event: 12.206 Loading class java/util/stream/ReduceOps$CountingSink done
Event: 12.206 Loading class java/util/stream/ReduceOps$CountingSink$OfRef done
Event: 12.313 Loading class java/lang/Character$UnicodeBlock
Event: 12.314 Loading class java/lang/Character$Subset
Event: 12.314 Loading class java/lang/Character$Subset done
Event: 12.315 Loading class java/lang/Character$UnicodeBlock done

Classes unloaded (0 events):
No events

Classes redefined (0 events):
No events

Internal exceptions (20 events):
Event: 11.280 Thread 0x00000184418cfa60 Exception <a 'java/lang/NoSuchMethodError'{0x0000000083acb6a8}: 'java.lang.Object java.lang.invoke.Invokers$Holder.linkToTargetMethod(java.lang.Object, int, java.lang.Object, java.lang.Object)'> (0x0000000083acb6a8) 
thrown [s\open\src\hotspot\share\interpreter\linkResolver.cpp, line 774]
Event: 11.305 Thread 0x00000184418cfa60 Exception <a 'java/lang/NoSuchMethodError'{0x00000000839af938}: 'void java.lang.invoke.DirectMethodHandle$Holder.invokeSpecial(java.lang.Object, java.lang.Object, java.lang.Object, java.lang.Object, java.lang.Object, java.lang.Object, java.lang.Object, java.lang.Object)'> (0x00000000839af938) 
thrown [s\open\src\hotspot\share\interpreter\linkResolver.cpp, line 774]
Event: 11.311 Thread 0x00000184418cfa60 Exception <a 'java/lang/NoSuchMethodError'{0x00000000839ebf80}: 'void java.lang.invoke.DirectMethodHandle$Holder.invokeSpecial(java.lang.Object, java.lang.Object, int, java.lang.Object)'> (0x00000000839ebf80) 
thrown [s\open\src\hotspot\share\interpreter\linkResolver.cpp, line 774]
Event: 11.343 Thread 0x00000184418cfa60 Exception <a 'java/lang/NoSuchMethodError'{0x0000000083757e10}: 'int java.lang.invoke.DirectMethodHandle$Holder.invokeStatic(java.lang.Object, int, java.lang.Object)'> (0x0000000083757e10) 
thrown [s\open\src\hotspot\share\interpreter\linkResolver.cpp, line 774]
Event: 11.345 Thread 0x00000184418cfa60 Exception <a 'java/lang/NoSuchMethodError'{0x00000000837772f8}: 'java.lang.Object java.lang.invoke.DirectMethodHandle$Holder.newInvokeSpecial(java.lang.Object, java.lang.Object, java.lang.Object, java.lang.Object, java.lang.Object, int, java.lang.Object)'> (0x00000000837772f8) 
thrown [s\open\src\hotspot\share\interpreter\linkResolver.cpp, line 774]
Event: 11.351 Thread 0x00000184418cfa60 Exception <a 'java/lang/NoSuchMethodError'{0x00000000837aae40}: 'java.lang.Object java.lang.invoke.DirectMethodHandle$Holder.newInvokeSpecial(java.lang.Object, java.lang.Object, java.lang.Object, java.lang.Object, java.lang.Object, java.lang.Object, java.lang.Object, java.lang.Object, java.lang.Object, java.lang.Object, java.lang.Object, java.lang.Object)'> (0x00000000837aae40) 
thrown [s\open\src\hotspot\share\interpreter\linkResolver.cpp, line 774]
Event: 11.351 Thread 0x00000184418cfa60 Exception <a 'java/lang/NoSuchMethodError'{0x00000000837afef8}: 'java.lang.Object java.lang.invoke.DirectMethodHandle$Holder.invokeSpecial(java.lang.Object, java.lang.Object, java.lang.Object, java.lang.Object, java.lang.Object, java.lang.Object, java.lang.Object, java.lang.Object, java.lang.Object, java.lang.Object, java.lang.Object, java.lang.Object, java.lang.Object)'> (0x00000000837afef8) 
thrown [s\open\src\hotspot\share\interpreter\linkResolver.cpp, line 774]
Event: 11.351 Thread 0x00000184418cfa60 Exception <a 'java/lang/NoSuchMethodError'{0x00000000837b4738}: 'java.lang.Object java.lang.invoke.Invokers$Holder.linkToTargetMethod(java.lang.Object, java.lang.Object, java.lang.Object, java.lang.Object, java.lang.Object, java.lang.Object, java.lang.Object, java.lang.Object, java.lang.Object, java.lang.Object, java.lang.Object, java.lang.Object)'> (0x00000000837b4738) 
thrown [s\open\src\hotspot\share\interpreter\linkResolver.cpp, line 774]
Event: 11.405 Thread 0x00000184418cfa60 Exception <a 'java/lang/NoSuchMethodError'{0x0000000082fbf918}: 'java.lang.Object java.lang.invoke.DirectMethodHandle$Holder.newInvokeSpecial(java.lang.Object, java.lang.Object, java.lang.Object, java.lang.Object, java.lang.Object, java.lang.Object, java.lang.Object, int)'> (0x0000000082fbf918) 
thrown [s\open\src\hotspot\share\interpreter\linkResolver.cpp, line 774]
Event: 11.405 Thread 0x00000184418cfa60 Exception <a 'java/lang/NoSuchMethodError'{0x0000000082fc4670}: 'java.lang.Object java.lang.invoke.DirectMethodHandle$Holder.invokeSpecial(java.lang.Object, java.lang.Object, java.lang.Object, java.lang.Object, java.lang.Object, java.lang.Object, java.lang.Object, java.lang.Object, int)'> (0x0000000082fc4670) 
thrown [s\open\src\hotspot\share\interpreter\linkResolver.cpp, line 774]
Event: 11.405 Thread 0x00000184418cfa60 Exception <a 'java/lang/NoSuchMethodError'{0x0000000082fc8e50}: 'java.lang.Object java.lang.invoke.Invokers$Holder.linkToTargetMethod(java.lang.Object, java.lang.Object, java.lang.Object, java.lang.Object, java.lang.Object, java.lang.Object, int, java.lang.Object)'> (0x0000000082fc8e50) 
thrown [s\open\src\hotspot\share\interpreter\linkResolver.cpp, line 774]
Event: 11.433 Thread 0x00000184418cfa60 Exception <a 'java/lang/NoSuchMethodError'{0x0000000082ee7fe0}: 'java.lang.Object java.lang.invoke.DirectMethodHandle$Holder.newInvokeSpecial(java.lang.Object, java.lang.Object, int, java.lang.Object, int, java.lang.Object, java.lang.Object)'> (0x0000000082ee7fe0) 
thrown [s\open\src\hotspot\share\interpreter\linkResolver.cpp, line 774]
Event: 11.570 Thread 0x00000184418cfa60 Exception <a 'java/lang/NoSuchMethodError'{0x0000000082aaeef0}: 'java.lang.Object java.lang.invoke.DirectMethodHandle$Holder.invokeSpecial(java.lang.Object, java.lang.Object, int, java.lang.Object, int)'> (0x0000000082aaeef0) 
thrown [s\open\src\hotspot\share\interpreter\linkResolver.cpp, line 774]
Event: 11.592 Thread 0x00000184418cfa60 Exception <a 'java/lang/NoSuchMethodError'{0x0000000082945050}: 'void java.lang.invoke.Invokers$Holder.invokeExact_MT(java.lang.Object, java.lang.Object, java.lang.Object, java.lang.Object)'> (0x0000000082945050) 
thrown [s\open\src\hotspot\share\interpreter\linkResolver.cpp, line 774]
Event: 11.678 Thread 0x00000184418cfa60 Exception <a 'java/lang/IncompatibleClassChangeError'{0x000000008264f170}: Found class java.lang.Object, but interface was expected> (0x000000008264f170) 
thrown [s\open\src\hotspot\share\interpreter\linkResolver.cpp, line 841]
Event: 11.694 Thread 0x00000184418cfa60 Implicit null exception at 0x0000018453304ce8 to 0x0000018453304f38
Event: 11.755 Thread 0x00000184418cfa60 Exception <a 'java/lang/IncompatibleClassChangeError'{0x00000000825b0240}: Found class java.lang.Object, but interface was expected> (0x00000000825b0240) 
thrown [s\open\src\hotspot\share\interpreter\linkResolver.cpp, line 841]
Event: 11.815 Thread 0x00000184418cfa60 Exception <a 'java/lang/IncompatibleClassChangeError'{0x0000000082330150}: Found class java.lang.Object, but interface was expected> (0x0000000082330150) 
thrown [s\open\src\hotspot\share\interpreter\linkResolver.cpp, line 841]
Event: 11.828 Thread 0x00000184418cfa60 Exception <a 'java/lang/NoSuchMethodError'{0x00000000823780b8}: 'java.lang.Object java.lang.invoke.DirectMethodHandle$Holder.invokeSpecialIFC(java.lang.Object, java.lang.Object, java.lang.Object)'> (0x00000000823780b8) 
thrown [s\open\src\hotspot\share\interpreter\linkResolver.cpp, line 774]
Event: 12.173 Thread 0x00000184418cfa60 Exception <a 'java/lang/IncompatibleClassChangeError'{0x0000000083bd05f8}: Found class java.lang.Object, but interface was expected> (0x0000000083bd05f8) 
thrown [s\open\src\hotspot\share\interpreter\linkResolver.cpp, line 841]

ZGC Phase Switch (0 events):
No events

VM Operations (20 events):
Event: 11.023 Executing VM operation: ICBufferFull
Event: 11.024 Executing VM operation: ICBufferFull done
Event: 11.042 Executing VM operation: CollectForMetadataAllocation (Metadata GC Threshold)
Event: 11.052 Executing VM operation: CollectForMetadataAllocation (Metadata GC Threshold) done
Event: 11.099 Executing VM operation: G1PauseRemark
Event: 11.106 Executing VM operation: G1PauseRemark done
Event: 11.121 Executing VM operation: G1PauseCleanup
Event: 11.121 Executing VM operation: G1PauseCleanup done
Event: 11.418 Executing VM operation: HandshakeAllThreads (Deoptimize)
Event: 11.418 Executing VM operation: HandshakeAllThreads (Deoptimize) done
Event: 11.599 Executing VM operation: HandshakeAllThreads (Deoptimize)
Event: 11.599 Executing VM operation: HandshakeAllThreads (Deoptimize) done
Event: 11.599 Executing VM operation: ICBufferFull
Event: 11.600 Executing VM operation: ICBufferFull done
Event: 11.942 Executing VM operation: G1CollectForAllocation (G1 Evacuation Pause)
Event: 11.949 Executing VM operation: G1CollectForAllocation (G1 Evacuation Pause) done
Event: 12.017 Executing VM operation: HandshakeAllThreads (Deoptimize)
Event: 12.017 Executing VM operation: HandshakeAllThreads (Deoptimize) done
Event: 12.191 Executing VM operation: HandshakeAllThreads (Deoptimize)
Event: 12.191 Executing VM operation: HandshakeAllThreads (Deoptimize) done

Events (20 events):
Event: 11.105 Thread 0x000001845f673490 flushing nmethod 0x000001844bcd3f90
Event: 11.105 Thread 0x000001845f673490 flushing nmethod 0x000001844bcea990
Event: 11.105 Thread 0x000001845f673490 flushing nmethod 0x000001844bcec490
Event: 11.105 Thread 0x000001845f673490 flushing nmethod 0x000001844bcec910
Event: 11.105 Thread 0x000001845f673490 flushing nmethod 0x000001844bced310
Event: 11.105 Thread 0x000001845f673490 flushing nmethod 0x000001844bcf1b10
Event: 11.105 Thread 0x000001845f673490 flushing nmethod 0x000001844bcf5a10
Event: 11.105 Thread 0x000001845f673490 flushing nmethod 0x000001844bd27510
Event: 11.105 Thread 0x000001845f673490 flushing nmethod 0x000001844bd2c190
Event: 11.105 Thread 0x000001845f673490 flushing nmethod 0x000001844bd2c810
Event: 11.105 Thread 0x000001845f673490 flushing nmethod 0x000001844bd50290
Event: 11.105 Thread 0x000001845f673490 flushing nmethod 0x000001844bd5aa90
Event: 11.105 Thread 0x000001845f673490 flushing nmethod 0x000001844bdda910
Event: 11.105 Thread 0x000001845f673490 flushing nmethod 0x000001844bddf890
Event: 11.105 Thread 0x000001845f673490 flushing nmethod 0x000001844be12a10
Event: 11.105 Thread 0x000001845f673490 flushing nmethod 0x000001844be12d90
Event: 11.105 Thread 0x000001845f673490 flushing nmethod 0x000001844be16790
Event: 11.105 Thread 0x000001845f673490 flushing nmethod 0x000001844be17d10
Event: 11.105 Thread 0x000001845f673490 flushing nmethod 0x000001844be49610
Event: 11.105 Thread 0x000001845f673490 flushing nmethod 0x000001844be5f510


Dynamic libraries:
0x00007ff710aa0000 - 0x00007ff710ab0000 	C:\Program Files\Java\jdk-22\bin\java.exe
0x00007fffc08e0000 - 0x00007fffc0b42000 	C:\Windows\SYSTEM32\ntdll.dll
0x00007fffbf160000 - 0x00007fffbf226000 	C:\Windows\System32\KERNEL32.DLL
0x00007fffbe3f0000 - 0x00007fffbe78f000 	C:\Windows\System32\KERNELBASE.dll
0x00007fffbdd30000 - 0x00007fffbde7c000 	C:\Windows\System32\ucrtbase.dll
0x00007fffb8650000 - 0x00007fffb8667000 	C:\Program Files\Java\jdk-22\bin\jli.dll
0x00007fffbf4b0000 - 0x00007fffbf562000 	C:\Windows\System32\ADVAPI32.dll
0x00007fffbf400000 - 0x00007fffbf4a9000 	C:\Windows\System32\msvcrt.dll
0x00007fffc03d0000 - 0x00007fffc0477000 	C:\Windows\System32\sechost.dll
0x00007fffbf8f0000 - 0x00007fffbfa06000 	C:\Windows\System32\RPCRT4.dll
0x00007fffbee90000 - 0x00007fffbf04f000 	C:\Windows\System32\USER32.dll
0x00007fffbe130000 - 0x00007fffbe157000 	C:\Windows\System32\win32u.dll
0x00007fffc0480000 - 0x00007fffc04aa000 	C:\Windows\System32\GDI32.dll
0x00007fffbe000000 - 0x00007fffbe121000 	C:\Windows\System32\gdi32full.dll
0x00007fffbe160000 - 0x00007fffbe203000 	C:\Windows\System32\msvcp_win.dll
0x00007fffb8630000 - 0x00007fffb864b000 	C:\Program Files\Java\jdk-22\bin\VCRUNTIME140.dll
0x00007fff98450000 - 0x00007fff986e0000 	C:\Windows\WinSxS\amd64_microsoft.windows.common-controls_6595b64144ccf1df_6.0.26100.712_none_4446894f1c2e6cc3\COMCTL32.dll
0x00007fffafc10000 - 0x00007fffafc1b000 	C:\Windows\SYSTEM32\VERSION.dll
0x00007fffbe7f0000 - 0x00007fffbe81f000 	C:\Windows\System32\IMM32.DLL
0x00007fffb8d20000 - 0x00007fffb8d2c000 	C:\Program Files\Java\jdk-22\bin\vcruntime140_1.dll
0x00007fffb1480000 - 0x00007fffb150e000 	C:\Program Files\Java\jdk-22\bin\msvcp140.dll
0x00007fff5d060000 - 0x00007fff5dda7000 	C:\Program Files\Java\jdk-22\bin\server\jvm.dll
0x00007fffc0350000 - 0x00007fffc03c4000 	C:\Windows\System32\WS2_32.dll
0x00007fffbdbd0000 - 0x00007fffbdc1e000 	C:\Windows\SYSTEM32\POWRPROF.dll
0x00007fffae680000 - 0x00007fffae6b6000 	C:\Windows\SYSTEM32\WINMM.dll
0x00007fffbdbb0000 - 0x00007fffbdbc4000 	C:\Windows\SYSTEM32\UMPDC.dll
0x00007fffbcbc0000 - 0x00007fffbcbda000 	C:\Windows\SYSTEM32\kernel.appcore.dll
0x00007fffb8620000 - 0x00007fffb862a000 	C:\Program Files\Java\jdk-22\bin\jimage.dll
0x00007fffac7c0000 - 0x00007fffaca01000 	C:\Windows\SYSTEM32\DBGHELP.DLL
0x00007fffbf570000 - 0x00007fffbf8e5000 	C:\Windows\System32\combase.dll
0x00007fffbfa80000 - 0x00007fffbfb56000 	C:\Windows\System32\OLEAUT32.dll
0x00007fffafc80000 - 0x00007fffafcb9000 	C:\Windows\SYSTEM32\dbgcore.DLL
0x00007fffbe210000 - 0x00007fffbe2a9000 	C:\Windows\System32\bcryptPrimitives.dll
0x00007fffb8580000 - 0x00007fffb858f000 	C:\Program Files\Java\jdk-22\bin\instrument.dll
0x00007fffb8560000 - 0x00007fffb857e000 	C:\Program Files\Java\jdk-22\bin\java.dll
0x00007fffbfc60000 - 0x00007fffc0346000 	C:\Windows\System32\SHELL32.dll
0x00007fffc0700000 - 0x00007fffc0899000 	C:\Windows\System32\ole32.dll
0x00007fffbbb30000 - 0x00007fffbc352000 	C:\Windows\SYSTEM32\windows.storage.dll
0x00007fffbe830000 - 0x00007fffbe903000 	C:\Windows\System32\SHCORE.dll
0x00007fffbfa10000 - 0x00007fffbfa6d000 	C:\Windows\System32\shlwapi.dll
0x00007fffbdc50000 - 0x00007fffbdc74000 	C:\Windows\SYSTEM32\profapi.dll
0x00007fff9ce90000 - 0x00007fff9cf67000 	C:\Program Files\Java\jdk-22\bin\jsvml.dll
0x00007fffb2230000 - 0x00007fffb2247000 	C:\Program Files\Java\jdk-22\bin\zip.dll
0x00007fffb8550000 - 0x00007fffb8560000 	C:\Program Files\Java\jdk-22\bin\net.dll
0x00007fffbd060000 - 0x00007fffbd0c8000 	C:\Windows\system32\mswsock.dll
0x00007fffb21d0000 - 0x00007fffb21e6000 	C:\Program Files\Java\jdk-22\bin\nio.dll
0x00007fffb2190000 - 0x00007fffb21aa000 	C:\Users\Enrique\AppData\Local\Programs\IntelliJ IDEA Ultimate\bin\breakgen64.dll
0x00007fffb7c00000 - 0x00007fffb7c09000 	C:\Program Files\Java\jdk-22\bin\extnet.dll
0x00007fffb4490000 - 0x00007fffb449b000 	C:\Program Files\Java\jdk-22\bin\le.dll
0x00007fffb1450000 - 0x00007fffb145e000 	C:\Program Files\Java\jdk-22\bin\sunmscapi.dll
0x00007fffbde80000 - 0x00007fffbdff6000 	C:\Windows\System32\CRYPT32.dll
0x00007fffbd550000 - 0x00007fffbd580000 	C:\Windows\SYSTEM32\ncrypt.dll
0x00007fffbd500000 - 0x00007fffbd53f000 	C:\Windows\SYSTEM32\NTASN1.dll
0x00007fffbc6b0000 - 0x00007fffbc7cd000 	C:\Windows\SYSTEM32\DNSAPI.dll
0x00007fffbc670000 - 0x00007fffbc6a0000 	C:\Windows\SYSTEM32\IPHLPAPI.DLL
0x00007fffbfa70000 - 0x00007fffbfa7a000 	C:\Windows\System32\NSI.dll
0x00007fffb7210000 - 0x00007fffb721b000 	C:\Windows\System32\rasadhlp.dll
0x00007fffb4f20000 - 0x00007fffb4fa5000 	C:\Windows\System32\fwpuclnt.dll
0x00007fffbd410000 - 0x00007fffbd42c000 	C:\Windows\SYSTEM32\CRYPTSP.dll
0x00007fffbcb20000 - 0x00007fffbcb58000 	C:\Windows\system32\rsaenh.dll
0x00007fffbd100000 - 0x00007fffbd12b000 	C:\Windows\SYSTEM32\USERENV.dll
0x00007fffbd590000 - 0x00007fffbd5b6000 	C:\Windows\SYSTEM32\bcrypt.dll
0x00007fffbd280000 - 0x00007fffbd28c000 	C:\Windows\SYSTEM32\CRYPTBASE.dll
0x00007fffb1440000 - 0x00007fffb1450000 	C:\Program Files\Java\jdk-22\bin\verify.dll

dbghelp: loaded successfully - version: 4.0.5 - missing functions: none
symbol engine: initialized successfully - sym options: 0x614 - pdb path: .;C:\Program Files\Java\jdk-22\bin;C:\Windows\SYSTEM32;C:\Windows\WinSxS\amd64_microsoft.windows.common-controls_6595b64144ccf1df_6.0.26100.712_none_4446894f1c2e6cc3;C:\Program Files\Java\jdk-22\bin\server;C:\Users\Enrique\AppData\Local\Programs\IntelliJ IDEA Ultimate\bin

VM Arguments:
jvm_args: -ea --enable-preview -Didea.test.cyclic.buffer.size=1048576 -javaagent:C:\Users\Enrique\AppData\Local\Programs\IntelliJ IDEA Ultimate\lib\idea_rt.jar=57912:C:\Users\Enrique\AppData\Local\Programs\IntelliJ IDEA Ultimate\bin -Dfile.encoding=UTF-8 -Dsun.stdout.encoding=UTF-8 -Dsun.stderr.encoding=UTF-8 
java_command: com.intellij.rt.junit.JUnitStarter -ideVersion5 -junit5 med.voll.api.domain.medico.MedicoRepositoryTest,seleccionarMedicoConEspecialidadEnFechaEscenario2
java_class_path (initial): C:\Users\Enrique\.m2\repository\org\junit\platform\junit-platform-launcher\1.10.2\junit-platform-launcher-1.10.2.jar;C:\Users\Enrique\AppData\Local\Programs\IntelliJ IDEA Ultimate\lib\idea_rt.jar;C:\Users\Enrique\AppData\Local\Programs\IntelliJ IDEA Ultimate\plugins\junit\lib\junit5-rt.jar;C:\Users\Enrique\AppData\Local\Programs\IntelliJ IDEA Ultimate\plugins\junit\lib\junit-rt.jar;C:\Users\Enrique\IdeaProjects\med-voll-api-curso3\target\test-classes;C:\Users\Enrique\IdeaProjects\med-voll-api-curso3\target\classes;C:\Users\Enrique\.m2\repository\org\springframework\boot\spring-boot-starter-web\3.3.0\spring-boot-starter-web-3.3.0.jar;C:\Users\Enrique\.m2\repository\org\springframework\boot\spring-boot-starter\3.3.0\spring-boot-starter-3.3.0.jar;C:\Users\Enrique\.m2\repository\org\springframework\boot\spring-boot-starter-logging\3.3.0\spring-boot-starter-logging-3.3.0.jar;C:\Users\Enrique\.m2\repository\ch\qos\logback\logback-classic\1.5.6\logback-classic-1.5.6.jar;C:\Users\Enrique\.m2\repository\ch\qos\logback\logback-core\1.5.6\logback-core-1.5.6.jar;C:\Users\Enrique\.m2\repository\org\apache\logging\log4j\log4j-to-slf4j\2.23.1\log4j-to-slf4j-2.23.1.jar;C:\Users\Enrique\.m2\repository\org\apache\logging\log4j\log4j-api\2.23.1\log4j-api-2.23.1.jar;C:\Users\Enrique\.m2\repository\org\slf4j\jul-to-slf4j\2.0.13\jul-to-slf4j-2.0.13.jar;C:\Users\Enrique\.m2\repository\jakarta\annotation\jakarta.annotation-api\2.1.1\jakarta.annotation-api-2.1.1.jar;C:\Users\Enrique\.m2\repository\org\yaml\snakeyaml\2.2\snakeyaml-2.2.jar;C:\Users\Enrique\.m2\repository\org\springframework\boot\spring-boot-starter-json\3.3.0\spring-boot-starter-json-3.3.0.jar;C:\Users\Enrique\.m2\repository\com\fasterxml\jackson\datatype\jackson-datatype-jdk8\2.17.1\jackson-datatype-jdk8-2.17.1.jar;C:\Users\Enrique\.m2\repository\com\fasterxml\jackson\datatype\jackson-datatype-jsr310\2.17.1\jackson-datatype-jsr310-2.17.1.jar;C:\Users\Enrique\.m2\repository\com\fasterxml\jackson\module\jackson-module-parameter-names\2.17.1\jackson-module-parameter-names-2.17.1.jar;C:\Users\Enrique\.m2\repository\org\springframework\boot\spring-boot-starter-tomcat\3.3.0\spring-boot-starter-tomcat-3.3.0.jar;C:\Users\Enrique\.m2\repository\org\apache\tomcat\embed\tomcat-embed-core\10.1.24\tomcat-embed-core-10.1.24.jar;C:\Users\Enrique\.m2\repository\org\apache\tomcat\embed\tomcat-embed-websocket\10.1.24\tomcat-embed-websocket-10.1.24.jar;C:\Users\Enrique\.m2\repository\org\springframework\spring-web\6.1.8\spring-web-6.1.8.jar;C:\Users\Enrique\.m2\repository\org\springframework\spring-beans\6.1.8\spring-beans-6.1.8.jar;C:\Users\Enrique\.m2\repository\io\micrometer\micrometer-observation\1.13.0\micrometer-observation-1.13.0.jar;C:\Users\Enrique\.m2\repository\io\micrometer\micrometer-commons\1.13.0\micrometer-commons-1.13.0.jar;C:\Users\Enrique\.m2\repository\org\springframework\spring-webmvc\6.1.8\spring-webmvc-6.1.8.jar;C:\Users\Enrique\.m2\repository\org\springframework\spring-context\6.1.8\spring-context-6.1.8.jar;C:\Users\Enrique\.m2\repository\org\springframework\spring-expression\6.1.8\spring-expression-6.1.8.jar;C:\Users\Enrique\.m2\repository\org\springframework\boot\spring-boot-devtools\3.3.0\spring-boot-devtools-3.3.0.jar;C:\Users\Enrique\.m2\repository\org\springframework\boot\spring-boot\3.3.0\spring-boot-3.3.0.jar;C:\Users\Enrique\.m2\repository\org\springframework\boot\spring-boot-autoconfigure\3.3.0\spring-boot-autoconfigure-3.3.0.jar;C:\Users\Enrique\.m2\repository\org\projectlombok\lombok\1.18.32\lombok-1.18.32.jar;C:\Users\Enrique\.m2\repository\org\springframework\boot\spring-boot-starter-test\3.3.0\spring-boot-starter-test-3.3.0.jar;C:\Users\Enrique\.m2\repository\org\springframework\boot\spring-boot-test\3.3.0\spring-boot-test-3.3.0.jar;C:\Users\Enrique\.m2\repository\org\springframework\boot\spring-boot-test-autoconfigure\3.3.0\spring-boot-test-autoconfigure-3.3.0.jar;C:\Users\Enrique\.m2\repository\com\jayway\jsonpath\json-path\2.9.0\json-path-2.9.0.jar;C:\Users\Enrique\.m2\repository\org\slf4j\slf4j-api\2.0.13\slf4j-api-2.0.13.jar;C:\Users\Enrique\.m2\repository\jakarta\xml\bind\jakarta.xml.bind-api\4.0.2\jakarta.xml.bind-api-4.0.2.jar;C:\Users\Enrique\.m2\repository\jakarta\activation\jakarta.activation-api\2.1.3\jakarta.activation-api-2.1.3.jar;C:\Users\Enrique\.m2\repository\net\minidev\json-smart\2.5.1\json-smart-2.5.1.jar;C:\Users\Enrique\.m2\repository\net\minidev\accessors-smart\2.5.1\accessors-smart-2.5.1.jar;C:\Users\Enrique\.m2\repository\org\ow2\asm\asm\9.6\asm-9.6.jar;C:\Users\Enrique\.m2\repository\org\assertj\assertj-core\3.25.3\assertj-core-3.25.3.jar;C:\Users\Enrique\.m2\repository\net\bytebuddy\byte-buddy\1.14.16\byte-buddy-1.14.16.jar;C:\Users\Enrique\.m2\repository\org\awaitility\awaitility\4.2.1\awaitility-4.2.1.jar;C:\Users\Enrique\.m2\repository\org\hamcrest\hamcrest\2.2\hamcrest-2.2.jar;C:\Users\Enrique\.m2\repository\org\junit\jupiter\junit-jupiter\5.10.2\junit-jupiter-5.10.2.jar;C:\Users\Enrique\.m2\repository\org\junit\jupiter\junit-jupiter-api\5.10.2\junit-jupiter-api-5.10.2.jar;C:\Users\Enrique\.m2\repository\org\opentest4j\opentest4j\1.3.0\opentest4j-1.3.0.jar;C:\Users\Enrique\.m2\repository\org\junit\platform\junit-platform-commons\1.10.2\junit-platform-commons-1.10.2.jar;C:\Users\Enrique\.m2\repository\org\apiguardian\apiguardian-api\1.1.2\apiguardian-api-1.1.2.jar;C:\Users\Enrique\.m2\repository\org\junit\jupiter\junit-jupiter-params\5.10.2\junit-jupiter-params-5.10.2.jar;C:\Users\Enrique\.m2\repository\org\junit\jupiter\junit-jupiter-engine\5.10.2\junit-jupiter-engine-5.10.2.jar;C:\Users\Enrique\.m2\repository\org\junit\platform\junit-platform-engine\1.10.2\junit-platform-engine-1.10.2.jar;C:\Users\Enrique\.m2\repository\org\mockito\mockito-core\5.11.0\mockito-core-5.11.0.jar;C:\Users\Enrique\.m2\repository\net\bytebuddy\byte-buddy-agent\1.14.16\byte-buddy-agent-1.14.16.jar;C:\Users\Enrique\.m2\repository\org\objenesis\objenesis\3.3\objenesis-3.3.jar;C:\Users\Enrique\.m2\repository\org\mockito\mockito-junit-jupiter\5.11.0\mockito-junit-jupiter-5.11.0.jar;C:\Users\Enrique\.m2\repository\org\skyscreamer\jsonassert\1.5.1\jsonassert-1.5.1.jar;C:\Users\Enrique\.m2\repository\com\vaadin\external\google\android-json\0.0.20131108.vaadin1\android-json-0.0.20131108.vaadin1.jar;C:\Users\Enrique\.m2\repository\org\springframework\spring-core\6.1.8\spring-core-6.1.8.jar;C:\Users\Enrique\.m2\repository\org\springframework\spring-jcl\6.1.8\spring-jcl-6.1.8.jar;C:\Users\Enrique\.m2\repository\org\springframework\spring-test\6.1.8\spring-test-6.1.8.jar;C:\Users\Enrique\.m2\repository\org\xmlunit\xmlunit-core\2.9.1\xmlunit-core-2.9.1.jar;C:\Users\Enrique\.m2\repository\org\springframework\boot\spring-boot-starter-data-jpa\3.3.0\spring-boot-starter-data-jpa-3.3.0.jar;C:\Users\Enrique\.m2\repository\org\springframework\boot\spring-boot-starter-aop\3.3.0\spring-boot-starter-aop-3.3.0.jar;C:\Users\Enrique\.m2\repository\org\aspectj\aspectjweaver\1.9.22\aspectjweaver-1.9.22.jar;C:\Users\Enrique\.m2\repository\org\springframework\boot\spring-boot-starter-jdbc\3.3.0\spring-boot-starter-jdbc-3.3.0.jar;C:\Users\Enrique\.m2\repository\com\zaxxer\HikariCP\5.1.0\HikariCP-5.1.0.jar;C:\Users\Enrique\.m2\repository\org\springframework\spring-jdbc\6.1.8\spring-jdbc-6.1.8.jar;C:\Users\Enrique\.m2\repository\org\hibernate\orm\hibernate-core\6.5.2.Final\hibernate-core-6.5.2.Final.jar;C:\Users\Enrique\.m2\repository\jakarta\persistence\jakarta.persistence-api\3.1.0\jakarta.persistence-api-3.1.0.jar;C:\Users\Enrique\.m2\repository\jakarta\transaction\jakarta.transaction-api\2.0.1\jakarta.transaction-api-2.0.1.jar;C:\Users\Enrique\.m2\repository\org\jboss\logging\jboss-logging\3.5.3.Final\jboss-logging-3.5.3.Final.jar;C:\Users\Enrique\.m2\repository\org\hibernate\common\hibernate-commons-annotations\6.0.6.Final\hibernate-commons-annotations-6.0.6.Final.jar;C:\Users\Enrique\.m2\repository\io\smallrye\jandex\3.1.2\jandex-3.1.2.jar;C:\Users\Enrique\.m2\repository\com\fasterxml\classmate\1.7.0\classmate-1.7.0.jar;C:\Users\Enrique\.m2\repository\org\glassfish\jaxb\jaxb-runtime\4.0.5\jaxb-runtime-4.0.5.jar;C:\Users\Enrique\.m2\repository\org\glassfish\jaxb\jaxb-core\4.0.5\jaxb-core-4.0.5.jar;C:\Users\Enrique\.m2\repository\org\eclipse\angus\angus-activation\2.0.2\angus-activation-2.0.2.jar;C:\Users\Enrique\.m2\repository\org\glassfish\jaxb\txw2\4.0.5\txw2-4.0.5.jar;C:\Users\Enrique\.m2\repository\com\sun\istack\istack-commons-runtime\4.1.2\istack-commons-runtime-4.1.2.jar;C:\Users\Enrique\.m2\repository\jakarta\inject\jakarta.inject-api\2.0.1\jakarta.inject-api-2.0.1.jar;C:\Users\Enrique\.m2\repository\org\antlr\antlr4-runtime\4.13.0\antlr4-runtime-4.13.0.jar;C:\Users\Enrique\.m2\repository\org\springframework\data\spring-data-jpa\3.3.0\spring-data-jpa-3.3.0.jar;C:\Users\Enrique\.m2\repository\org\springframework\data\spring-data-commons\3.3.0\spring-data-commons-3.3.0.jar;C:\Users\Enrique\.m2\repository\org\springframework\spring-orm\6.1.8\spring-orm-6.1.8.jar;C:\Users\Enrique\.m2\repository\org\springframework\spring-tx\6.1.8\spring-tx-6.1.8.jar;C:\Users\Enrique\.m2\repository\org\springframework\spring-aspects\6.1.8\spring-aspects-6.1.8.jar;C:\Users\Enrique\.m2\repository\org\flywaydb\flyway-core\10.10.0\flyway-core-10.10.0.jar;C:\Users\Enrique\.m2\repository\com\fasterxml\jackson\dataformat\jackson-dataformat-toml\2.17.1\jackson-dataformat-toml-2.17.1.jar;C:\Users\Enrique\.m2\repository\com\fasterxml\jackson\core\jackson-core\2.17.1\jackson-core-2.17.1.jar;C:\Users\Enrique\.m2\repository\com\google\code\gson\gson\2.10.1\gson-2.10.1.jar;C:\Users\Enrique\.m2\repository\org\flywaydb\flyway-mysql\10.10.0\flyway-mysql-10.10.0.jar;C:\Users\Enrique\.m2\repository\com\mysql\mysql-connector-j\8.3.0\mysql-connector-j-8.3.0.jar;C:\Users\Enrique\.m2\repository\org\springframework\boot\spring-boot-starter-validation\3.3.0\spring-boot-starter-validation-3.3.0.jar;C:\Users\Enrique\.m2\repository\org\apache\tomcat\embed\tomcat-embed-el\10.1.24\tomcat-embed-el-10.1.24.jar;C:\Users\Enrique\.m2\repository\org\hibernate\validator\hibernate-validator\8.0.1.Final\hibernate-validator-8.0.1.Final.jar;C:\Users\Enrique\.m2\repository\jakarta\validation\jakarta.validation-api\3.0.2\jakarta.validation-api-3.0.2.jar;C:\Users\Enrique\.m2\repository\org\springframework\boot\spring-boot-starter-security\3.3.0\spring-boot-starter-security-3.3.0.jar;C:\Users\Enrique\.m2\repository\org\springframework\spring-aop\6.1.8\spring-aop-6.1.8.jar;C:\Users\Enrique\.m2\repository\org\springframework\security\spring-security-config\6.3.0\spring-security-config-6.3.0.jar;C:\Users\Enrique\.m2\repository\org\springframework\security\spring-security-core\6.3.0\spring-security-core-6.3.0.jar;C:\Users\Enrique\.m2\repository\org\springframework\security\spring-security-crypto\6.3.0\spring-security-crypto-6.3.0.jar;C:\Users\Enrique\.m2\repository\org\springframework\security\spring-security-web\6.3.0\spring-security-web-6.3.0.jar;C:\Users\Enrique\.m2\repository\com\auth0\java-jwt\4.2.1\java-jwt-4.2.1.jar;C:\Users\Enrique\.m2\repository\com\fasterxml\jackson\core\jackson-databind\2.17.1\jackson-databind-2.17.1.jar;C:\Users\Enrique\.m2\repository\com\fasterxml\jackson\core\jackson-annotations\2.17.1\jackson-annotations-2.17.1.jar;C:\Users\Enrique\.m2\repository\org\springdoc\springdoc-openapi-starter-webmvc-ui\2.5.0\springdoc-openapi-starter-webmvc-ui-2.5.0.jar;C:\Users\Enrique\.m2\repository\org\springdoc\springdoc-openapi-starter-webmvc-api\2.5.0\springdoc-openapi-starter-webmvc-api-2.5.0.jar;C:\Users\Enrique\.m2\repository\org\springdoc\springdoc-openapi-starter-common\2.5.0\springdoc-openapi-starter-common-2.5.0.jar;C:\Users\Enrique\.m2\repository\io\swagger\core\v3\swagger-core-jakarta\2.2.21\swagger-core-jakarta-2.2.21.jar;C:\Users\Enrique\.m2\repository\org\apache\commons\commons-lang3\3.14.0\commons-lang3-3.14.0.jar;C:\Users\Enrique\.m2\repository\io\swagger\core\v3\swagger-annotations-jakarta\2.2.21\swagger-annotations-jakarta-2.2.21.jar;C:\Users\Enrique\.m2\repository\io\swagger\core\v3\swagger-models-jakarta\2.2.21\swagger-models-jakarta-2.2.21.jar;C:\Users\Enrique\.m2\repository\com\fasterxml\jackson\dataformat\jackson-dataformat-yaml\2.17.1\jackson-dataformat-yaml-2.17.1.jar;C:\Users\Enrique\.m2\repository\org\webjars\swagger-ui\5.13.0\swagger-ui-5.13.0.jar;C:\Users\Enrique\.m2\repository\com\h2database\h2\2.2.224\h2-2.2.224.jar
Launcher Type: SUN_STANDARD

[Global flags]
     intx CICompilerCount                          = 2                                         {product} {ergonomic}
     uint ConcGCThreads                            = 1                                         {product} {ergonomic}
     uint G1ConcRefinementThreads                  = 2                                         {product} {ergonomic}
   size_t G1HeapRegionSize                         = 1048576                                   {product} {ergonomic}
   size_t InitialHeapSize                          = 134217728                                 {product} {ergonomic}
   size_t MarkStackSize                            = 4194304                                   {product} {ergonomic}
   size_t MaxHeapSize                              = 2147483648                                {product} {ergonomic}
   size_t MaxNewSize                               = 1287651328                                {product} {ergonomic}
   size_t MinHeapDeltaBytes                        = 1048576                                   {product} {ergonomic}
   size_t MinHeapSize                              = 8388608                                   {product} {ergonomic}
    uintx NonNMethodCodeHeapSize                   = 5826188                                {pd product} {ergonomic}
    uintx NonProfiledCodeHeapSize                  = 122916026                              {pd product} {ergonomic}
    uintx ProfiledCodeHeapSize                     = 122916026                              {pd product} {ergonomic}
    uintx ReservedCodeCacheSize                    = 251658240                              {pd product} {ergonomic}
     bool SegmentedCodeCache                       = true                                      {product} {ergonomic}
   size_t SoftMaxHeapSize                          = 2147483648                             {manageable} {ergonomic}
     bool UseCompressedOops                        = true                           {product lp64_product} {ergonomic}
     bool UseG1GC                                  = true                                      {product} {ergonomic}
     bool UseLargePagesIndividualAllocation        = false                                  {pd product} {ergonomic}

Logging:
Log output configuration:
 #0: stdout all=warning uptime,level,tags foldmultilines=false
 #1: stderr all=off uptime,level,tags foldmultilines=false

Environment Variables:
PATH=C:\Program Files\Common Files\Oracle\Java\javapath;C:\Windows\system32;C:\Windows;C:\Windows\System32\Wbem;C:\Windows\System32\WindowsPowerShell\v1.0\;C:\Windows\System32\OpenSSH\;C:\Program Files\dotnet\;C:\Program Files\Microsoft VS Code Insiders\bin;C:\Program Files\Git\cmd;C:\Program Files\PuTTY\;C:\Program Files\Docker\Docker\resources\bin;C:\Program Files\Azure Data Studio\bin;C:\Program Files\Common Files\Autodesk Shared\;C:\Users\Enrique\AppData\Local\Programs\Python\Python313\Scripts\;C:\Users\Enrique\AppData\Local\Programs\Python\Python313\;C:\Program Files\MySQL\MySQL Shell 8.0\bin\;C:\Users\Enrique\AppData\Local\Microsoft\WindowsApps;C:\Users\Enrique\AppData\Local\JetBrains\Toolbox\scripts;C:\Users\Enrique\AppData\Local\gitkraken\bin;C:\Users\Enrique\AppData\Local\GitHubDesktop\bin;C:\Program Files\Azure Data Studio\bin
USERNAME=Enrique
OS=Windows_NT
PROCESSOR_IDENTIFIER=AMD64 Family 25 Model 1 Stepping 1, AuthenticAMD
TMP=C:\Users\Enrique\AppData\Local\Temp
TEMP=C:\Users\Enrique\AppData\Local\Temp




Periodic native trim disabled

---------------  S Y S T E M  ---------------

OS:
 Windows 11 , 64 bit Build 26100 (10.0.26100.712)
OS uptime: 0 days 10:52 hours
Hyper-V role detected

CPU: total 2 (initial active 2) (16 cores per cpu, 2 threads per core) family 25 model 1 stepping 1 microcode 0xffffffff, cx8, cmov, fxsr, ht, mmx, 3dnowpref, sse, sse2, sse3, ssse3, sse4a, sse4.1, sse4.2, popcnt, lzcnt, tsc, tscinvbit, avx, avx2, aes, erms, clmul, bmi1, bmi2, adx, sha, fma, vzeroupper, clflush, clflushopt, hv, rdtscp, rdpid, fsrm, f16c, cet_ss
Processor Information for all 2 processors :
  Max Mhz: 2445, Current Mhz: 2445, Mhz Limit: 2445

Memory: 4k page, system-wide physical 8190M (898M free)
TotalPageFile size 17790M (AvailPageFile size 1M)
current process WorkingSet (physical memory assigned to process): 238M, peak: 238M
current process commit charge ("private bytes"): 261M, peak: 261M

vm_info: Java HotSpot(TM) 64-Bit Server VM (22.0.1+8-16) for windows-amd64 JRE (22.0.1+8-16), built on 2024-03-12T10:33:16Z by "mach5one" with MS VC++ 17.6 (VS2022)

END.
