#
# There is insufficient memory for the Java Runtime Environment to continue.
# Native memory allocation (malloc) failed to allocate 1214416 bytes. Error detail: Chunk::new
# Possible reasons:
#   The system is out of physical RAM or swap space
#   This process is running with CompressedOops enabled, and the Java Heap may be blocking the growth of the native heap
# Possible solutions:
#   Reduce memory load on the system
#   Increase physical memory or swap space
#   Check if swap backing store is full
#   Decrease Java heap size (-Xmx/-Xms)
#   Decrease number of Java threads
#   Decrease Java thread stack sizes (-Xss)
#   Set larger code cache with -XX:ReservedCodeCacheSize=
#   JVM is running with Unscaled Compressed Oops mode in which the Java heap is
#     placed in the first 4GB address space. The Java Heap base address is the
#     maximum limit for the native heap growth. Please use -XX:HeapBaseMinAddress
#     to set the Java Heap base and to place the Java Heap above 4GB virtual address.
# This output file may be truncated or incomplete.
#
#  Out of Memory Error (arena.cpp:150), pid=11836, tid=4048
#
# JRE version: Java(TM) SE Runtime Environment (22.0.1+8) (build 22.0.1+8-16)
# Java VM: Java HotSpot(TM) 64-Bit Server VM (22.0.1+8-16, mixed mode, sharing, tiered, compressed oops, compressed class ptrs, g1 gc, windows-amd64)
# No core dump will be written. Minidumps are not enabled by default on client versions of Windows
#

---------------  S U M M A R Y ------------

Command Line: -ea --enable-preview -Didea.test.cyclic.buffer.size=1048576 -javaagent:C:\Users\Enrique\AppData\Local\Programs\IntelliJ IDEA Ultimate\lib\idea_rt.jar=54216:C:\Users\Enrique\AppData\Local\Programs\IntelliJ IDEA Ultimate\bin -Dfile.encoding=UTF-8 -Dsun.stdout.encoding=UTF-8 -Dsun.stderr.encoding=UTF-8 com.intellij.rt.junit.JUnitStarter -ideVersion5 -junit5 med.voll.api.domain.medico.MedicoRepositoryTest,seleccionarMedicoConEspecialidadEnFechaEscenario2

Host: AMD EPYC 7763 64-Core Processor                , 2 cores, 7G,  Windows 11 , 64 bit Build 26100 (10.0.26100.712)
Time: Wed Jun 26 00:51:32 2024 Hora estándar, América Central elapsed time: 15.668461 seconds (0d 0h 0m 15s)

---------------  T H R E A D  ---------------

Current thread (0x0000021cc79c5400):  JavaThread "C2 CompilerThread0" daemon [_thread_in_native, id=4048, stack(0x0000007083a00000,0x0000007083b00000) (1024K)]


Current CompileTask:
C2:15668 6307   !   4       org.springframework.core.annotation.AnnotationsScanner::processMethodHierarchy (276 bytes)

Stack: [0x0000007083a00000,0x0000007083b00000]
Native frames: (J=compiled Java code, j=interpreted, Vv=VM code, C=native code)
V  [jvm.dll+0x6e2279]  (no source info available)
V  [jvm.dll+0x874e33]  (no source info available)
V  [jvm.dll+0x87725e]  (no source info available)
V  [jvm.dll+0x877933]  (no source info available)
V  [jvm.dll+0x27fd76]  (no source info available)
V  [jvm.dll+0xc3d0f]  (no source info available)
V  [jvm.dll+0xc3f6b]  (no source info available)
V  [jvm.dll+0x3bb10c]  (no source info available)
V  [jvm.dll+0x1df67c]  (no source info available)
V  [jvm.dll+0x247a5c]  (no source info available)
V  [jvm.dll+0x246fbf]  (no source info available)
V  [jvm.dll+0x1c4e90]  (no source info available)
V  [jvm.dll+0x2569fe]  (no source info available)
V  [jvm.dll+0x254cba]  (no source info available)
V  [jvm.dll+0x3f5336]  (no source info available)
V  [jvm.dll+0x81d44b]  (no source info available)
V  [jvm.dll+0x6e0915]  (no source info available)
C  [ucrtbase.dll+0x14ea0]  (no source info available)
C  [KERNEL32.DLL+0x31fd7]  (no source info available)
C  [ntdll.dll+0xda95c]  (no source info available)


---------------  P R O C E S S  ---------------

Threads class SMR info:
_java_thread_list=0x0000021d10a49470, length=14, elements={
0x0000021ca9bef940, 0x0000021cc79b8870, 0x0000021cc79b9f40, 0x0000021cc79bd720,
0x0000021cc79c0190, 0x0000021cc79c2c00, 0x0000021cc79c3660, 0x0000021cc79c5400,
0x0000021cc79d1e60, 0x0000021cc7987e90, 0x0000021cc7d8e1e0, 0x0000021cc7d26a30,
0x0000021d0f865010, 0x0000021d0d72dfb0
}

Java Threads: ( => current thread )
  0x0000021ca9bef940 JavaThread "main"                              [_thread_blocked, id=18176, stack(0x0000007082c00000,0x0000007082d00000) (1024K)]
  0x0000021cc79b8870 JavaThread "Reference Handler"          daemon [_thread_blocked, id=5364, stack(0x0000007083400000,0x0000007083500000) (1024K)]
  0x0000021cc79b9f40 JavaThread "Finalizer"                  daemon [_thread_blocked, id=17080, stack(0x0000007083500000,0x0000007083600000) (1024K)]
  0x0000021cc79bd720 JavaThread "Signal Dispatcher"          daemon [_thread_blocked, id=4660, stack(0x0000007083600000,0x0000007083700000) (1024K)]
  0x0000021cc79c0190 JavaThread "Attach Listener"            daemon [_thread_blocked, id=6380, stack(0x0000007083700000,0x0000007083800000) (1024K)]
  0x0000021cc79c2c00 JavaThread "Service Thread"             daemon [_thread_blocked, id=21692, stack(0x0000007083800000,0x0000007083900000) (1024K)]
  0x0000021cc79c3660 JavaThread "Monitor Deflation Thread"   daemon [_thread_blocked, id=13032, stack(0x0000007083900000,0x0000007083a00000) (1024K)]
=>0x0000021cc79c5400 JavaThread "C2 CompilerThread0"         daemon [_thread_in_native, id=4048, stack(0x0000007083a00000,0x0000007083b00000) (1024K)]
  0x0000021cc79d1e60 JavaThread "C1 CompilerThread0"         daemon [_thread_blocked, id=22220, stack(0x0000007083b00000,0x0000007083c00000) (1024K)]
  0x0000021cc7987e90 JavaThread "Common-Cleaner"             daemon [_thread_blocked, id=5676, stack(0x0000007083c00000,0x0000007083d00000) (1024K)]
  0x0000021cc7d8e1e0 JavaThread "Monitor Ctrl-Break"         daemon [_thread_in_native, id=2044, stack(0x0000007083d00000,0x0000007083e00000) (1024K)]
  0x0000021cc7d26a30 JavaThread "Notification Thread"        daemon [_thread_blocked, id=22332, stack(0x0000007083e00000,0x0000007083f00000) (1024K)]
  0x0000021d0f865010 JavaThread "mysql-cj-abandoned-connection-cleanup" daemon [_thread_blocked, id=15712, stack(0x0000007084000000,0x0000007084100000) (1024K)]
  0x0000021d0d72dfb0 JavaThread "HikariPool-1 housekeeper"   daemon [_thread_blocked, id=22056, stack(0x0000007084200000,0x0000007084300000) (1024K)]
Total: 14

Other Threads:
  0x0000021cc79a5920 VMThread "VM Thread"                           [id=22420, stack(0x0000007083300000,0x0000007083400000) (1024K)]
  0x0000021cc7985de0 WatcherThread "VM Periodic Task Thread"        [id=22424, stack(0x0000007083200000,0x0000007083300000) (1024K)]
  0x0000021ca9e33310 WorkerThread "GC Thread#0"                     [id=2780, stack(0x0000007082d00000,0x0000007082e00000) (1024K)]
  0x0000021d0d0a61c0 WorkerThread "GC Thread#1"                     [id=21760, stack(0x0000007083f00000,0x0000007084000000) (1024K)]
  0x0000021ca9e44380 ConcurrentGCThread "G1 Main Marker"            [id=3592, stack(0x0000007082e00000,0x0000007082f00000) (1024K)]
  0x0000021ca9e44e90 WorkerThread "G1 Conc#0"                       [id=14984, stack(0x0000007082f00000,0x0000007083000000) (1024K)]
  0x0000021ca9e8e7e0 ConcurrentGCThread "G1 Refine#0"               [id=13972, stack(0x0000007083000000,0x0000007083100000) (1024K)]
  0x0000021cc78464f0 ConcurrentGCThread "G1 Service"                [id=12144, stack(0x0000007083100000,0x0000007083200000) (1024K)]
Total: 8

Threads with active compile tasks:
C2 CompilerThread0  15802 6307   !   4       org.springframework.core.annotation.AnnotationsScanner::processMethodHierarchy (276 bytes)
Total: 1

VM state: at safepoint (normal execution)

VM Mutex/Monitor currently owned by a thread:  ([mutex/lock_event])
[0x00007fff5dccbbb8] Threads_lock - owner thread: 0x0000021cc79a5920
[0x00007fff5dccbcb8] Heap_lock - owner thread: 0x0000021ca9e44380

Heap address: 0x0000000080000000, size: 2048 MB, Compressed Oops mode: 32-bit

CDS archive(s) mapped at: [0x0000021cc8000000-0x0000021cc8c60000-0x0000021cc8c60000), size 12976128, SharedBaseAddress: 0x0000021cc8000000, ArchiveRelocationMode: 1.
Compressed class space mapped at: 0x0000021cc9000000-0x0000021d09000000, reserved size: 1073741824
Narrow klass base: 0x0000021cc8000000, Narrow klass shift: 0, Narrow klass range: 0x41000000

GC Precious Log:
 CardTable entry size: 512
 Card Set container configuration: InlinePtr #cards 5 size 8 Array Of Cards #cards 12 size 40 Howl #buckets 4 coarsen threshold 1843 Howl Bitmap #cards 512 size 80 coarsen threshold 460 Card regions per heap region 1 cards per card region 2048
 CPUs: 2 total, 2 available
 Memory: 8190M
 Large Page Support: Disabled
 NUMA Support: Disabled
 Compressed Oops: Enabled (32-bit)
 Heap Region Size: 1M
 Heap Min Capacity: 8M
 Heap Initial Capacity: 128M
 Heap Max Capacity: 2G
 Pre-touch: Disabled
 Parallel Workers: 2
 Concurrent Workers: 1
 Concurrent Refinement Workers: 2
 Periodic GC: Disabled

Heap:
 garbage-first heap   total reserved 2097152K, committed 48128K, used 31181K [0x0000000080000000, 0x0000000100000000)
  region size 1024K, 2 young (2048K), 1 survivors (1024K)
 Metaspace       used 71204K, committed 71936K, reserved 1114112K
  class space    used 10122K, committed 10432K, reserved 1048576K

Heap Regions: E=young(eden), S=young(survivor), O=old, HS=humongous(starts), HC=humongous(continues), CS=collection set, F=free, TAMS=top-at-mark-start, PB=parsable bottom
|   0|0x0000000080000000, 0x0000000080100000, 0x0000000080100000|100%|HS|  |TAMS 0x0000000080100000| PB 0x0000000080000000| Complete |  0
|   1|0x0000000080100000, 0x0000000080200000, 0x0000000080200000|100%| O|  |TAMS 0x0000000080200000| PB 0x0000000080200000| Untracked |  0
|   2|0x0000000080200000, 0x0000000080300000, 0x0000000080300000|100%| O|  |TAMS 0x0000000080300000| PB 0x0000000080300000| Untracked |  0
|   3|0x0000000080300000, 0x0000000080400000, 0x0000000080400000|100%| O|  |TAMS 0x0000000080400000| PB 0x0000000080400000| Updating |  0
|   4|0x0000000080400000, 0x0000000080500000, 0x0000000080500000|100%| O|  |TAMS 0x0000000080500000| PB 0x0000000080500000| Untracked |  0
|   5|0x0000000080500000, 0x0000000080600000, 0x0000000080600000|100%| O|  |TAMS 0x0000000080600000| PB 0x0000000080600000| Untracked |  0
|   6|0x0000000080600000, 0x0000000080700000, 0x0000000080700000|100%| O|  |TAMS 0x0000000080700000| PB 0x0000000080700000| Untracked |  0
|   7|0x0000000080700000, 0x0000000080800000, 0x0000000080800000|100%| O|  |TAMS 0x0000000080800000| PB 0x0000000080800000| Updating |  0
|   8|0x0000000080800000, 0x0000000080900000, 0x0000000080900000|100%| O|  |TAMS 0x0000000080900000| PB 0x0000000080900000| Untracked |  0
|   9|0x0000000080900000, 0x0000000080a00000, 0x0000000080a00000|100%| O|  |TAMS 0x0000000080a00000| PB 0x0000000080a00000| Untracked |  0
|  10|0x0000000080a00000, 0x0000000080b00000, 0x0000000080b00000|100%| O|  |TAMS 0x0000000080b00000| PB 0x0000000080b00000| Untracked |  0
|  11|0x0000000080b00000, 0x0000000080c00000, 0x0000000080c00000|100%| O|  |TAMS 0x0000000080c00000| PB 0x0000000080c00000| Untracked |  0
|  12|0x0000000080c00000, 0x0000000080d00000, 0x0000000080d00000|100%| O|  |TAMS 0x0000000080d00000| PB 0x0000000080d00000| Updating |  0
|  13|0x0000000080d00000, 0x0000000080e00000, 0x0000000080e00000|100%| O|  |TAMS 0x0000000080e00000| PB 0x0000000080e00000| Untracked |  0
|  14|0x0000000080e00000, 0x0000000080f00000, 0x0000000080f00000|100%| O|  |TAMS 0x0000000080f00000| PB 0x0000000080f00000| Untracked |  0
|  15|0x0000000080f00000, 0x0000000081000000, 0x0000000081000000|100%| O|  |TAMS 0x0000000081000000| PB 0x0000000081000000| Untracked |  0
|  16|0x0000000081000000, 0x000000008108d288, 0x0000000081100000| 55%| O|  |TAMS 0x0000000081000000| PB 0x0000000081000000| Updating |  0
|  17|0x0000000081100000, 0x0000000081200000, 0x0000000081200000|100%| O|  |TAMS 0x0000000081200000| PB 0x0000000081200000| Untracked |  0
|  18|0x0000000081200000, 0x0000000081300000, 0x0000000081300000|100%| O|  |TAMS 0x0000000081300000| PB 0x0000000081300000| Untracked |  0
|  19|0x0000000081300000, 0x0000000081400000, 0x0000000081400000|100%| O|  |TAMS 0x0000000081400000| PB 0x0000000081400000| Untracked |  0
|  20|0x0000000081400000, 0x0000000081500000, 0x0000000081500000|100%| O|  |TAMS 0x0000000081500000| PB 0x0000000081500000| Untracked |  0
|  21|0x0000000081500000, 0x0000000081600000, 0x0000000081600000|100%| O|  |TAMS 0x0000000081600000| PB 0x0000000081600000| Untracked |  0
|  22|0x0000000081600000, 0x0000000081700000, 0x0000000081700000|100%| O|  |TAMS 0x0000000081700000| PB 0x0000000081700000| Updating |  0
|  23|0x0000000081700000, 0x0000000081800000, 0x0000000081800000|100%| O|  |TAMS 0x0000000081800000| PB 0x0000000081800000| Updating |  0
|  24|0x0000000081800000, 0x0000000081900000, 0x0000000081900000|100%| O|  |TAMS 0x0000000081900000| PB 0x0000000081900000| Updating |  0
|  25|0x0000000081900000, 0x0000000081a00000, 0x0000000081a00000|100%| O|  |TAMS 0x0000000081a00000| PB 0x0000000081a00000| Untracked |  0
|  26|0x0000000081a00000, 0x0000000081b00000, 0x0000000081b00000|100%| O|  |TAMS 0x0000000081b00000| PB 0x0000000081b00000| Untracked |  0
|  27|0x0000000081b00000, 0x0000000081c00000, 0x0000000081c00000|100%| O|  |TAMS 0x0000000081c00000| PB 0x0000000081c00000| Untracked |  0
|  28|0x0000000081c00000, 0x0000000081d00000, 0x0000000081d00000|100%| O|  |TAMS 0x0000000081d00000| PB 0x0000000081d00000| Updating |  0
|  29|0x0000000081d00000, 0x0000000081e00000, 0x0000000081e00000|100%| O|  |TAMS 0x0000000081d62950| PB 0x0000000081d62950| Untracked |  0
|  30|0x0000000081e00000, 0x0000000081e00000, 0x0000000081f00000|  0%| F|  |TAMS 0x0000000081e00000| PB 0x0000000081e00000| Untracked |  0
|  31|0x0000000081f00000, 0x0000000081f00000, 0x0000000082000000|  0%| F|  |TAMS 0x0000000081f00000| PB 0x0000000081f00000| Untracked |  0
|  32|0x0000000082000000, 0x0000000082000000, 0x0000000082100000|  0%| F|  |TAMS 0x0000000082000000| PB 0x0000000082000000| Untracked |  0
|  33|0x0000000082100000, 0x0000000082100000, 0x0000000082200000|  0%| F|  |TAMS 0x0000000082100000| PB 0x0000000082100000| Untracked |  0
|  34|0x0000000082200000, 0x0000000082200000, 0x0000000082300000|  0%| F|  |TAMS 0x0000000082200000| PB 0x0000000082200000| Untracked |  0
|  35|0x0000000082300000, 0x00000000823e6400, 0x0000000082400000| 89%| S|CS|TAMS 0x0000000082300000| PB 0x0000000082300000| Complete |  0
|  36|0x0000000082400000, 0x0000000082400000, 0x0000000082500000|  0%| F|  |TAMS 0x0000000082400000| PB 0x0000000082400000| Untracked |  0
|  37|0x0000000082500000, 0x0000000082500000, 0x0000000082600000|  0%| F|  |TAMS 0x0000000082500000| PB 0x0000000082500000| Untracked |  0
|  38|0x0000000082600000, 0x0000000082600000, 0x0000000082700000|  0%| F|  |TAMS 0x0000000082600000| PB 0x0000000082600000| Untracked |  0
|  54|0x0000000083600000, 0x0000000083600000, 0x0000000083700000|  0%| F|  |TAMS 0x0000000083600000| PB 0x0000000083600000| Untracked |  0
|  55|0x0000000083700000, 0x0000000083700000, 0x0000000083800000|  0%| F|  |TAMS 0x0000000083700000| PB 0x0000000083700000| Untracked |  0
|  56|0x0000000083800000, 0x0000000083800000, 0x0000000083900000|  0%| F|  |TAMS 0x0000000083800000| PB 0x0000000083800000| Untracked |  0
|  57|0x0000000083900000, 0x0000000083900000, 0x0000000083a00000|  0%| F|  |TAMS 0x0000000083900000| PB 0x0000000083900000| Untracked |  0
|  58|0x0000000083a00000, 0x0000000083a00000, 0x0000000083b00000|  0%| F|  |TAMS 0x0000000083a00000| PB 0x0000000083a00000| Untracked |  0
|  59|0x0000000083b00000, 0x0000000083b00000, 0x0000000083c00000|  0%| F|  |TAMS 0x0000000083b00000| PB 0x0000000083b00000| Untracked |  0
|  60|0x0000000083c00000, 0x0000000083c00000, 0x0000000083d00000|  0%| F|  |TAMS 0x0000000083c00000| PB 0x0000000083c00000| Untracked |  0
|  61|0x0000000083d00000, 0x0000000083d3c9e0, 0x0000000083e00000| 23%| E|  |TAMS 0x0000000083d00000| PB 0x0000000083d00000| Complete |  0

Card table byte_map: [0x0000021cc31f0000,0x0000021cc35f0000] _byte_map_base: 0x0000021cc2df0000

Marking Bits: (CMBitMap*) 0x0000021ca9e33a20
 Bits: [0x0000021cc35f0000, 0x0000021cc55f0000)

Polling page: 0x0000021ca9b20000

Metaspace:

Usage:
  Non-class:     59.65 MB used.
      Class:      9.88 MB used.
       Both:     69.54 MB used.

Virtual space:
  Non-class space:       64.00 MB reserved,      60.06 MB ( 94%) committed,  1 nodes.
      Class space:        1.00 GB reserved,      10.19 MB ( <1%) committed,  1 nodes.
             Both:        1.06 GB reserved,      70.25 MB (  6%) committed. 

Chunk freelists:
   Non-Class:  3.97 MB
       Class:  5.79 MB
        Both:  9.76 MB

MaxMetaspaceSize: unlimited
CompressedClassSpaceSize: 1.00 GB
Initial GC threshold: 21.00 MB
Current GC threshold: 108.44 MB
CDS: on
 - commit_granule_bytes: 65536.
 - commit_granule_words: 8192.
 - virtual_space_node_default_size: 8388608.
 - enlarge_chunks_in_place: 1.
 - use_allocation_guard: 0.


Internal statistics:

num_allocs_failed_limit: 6.
num_arena_births: 910.
num_arena_deaths: 0.
num_vsnodes_births: 2.
num_vsnodes_deaths: 0.
num_space_committed: 1124.
num_space_uncommitted: 0.
num_chunks_returned_to_freelist: 6.
num_chunks_taken_from_freelist: 3347.
num_chunk_merges: 3.
num_chunk_splits: 2415.
num_chunks_enlarged: 1884.
num_inconsistent_stats: 0.

CodeHeap 'non-profiled nmethods': size=120064Kb used=3075Kb max_used=3163Kb free=116988Kb
 bounds [0x0000021cbb5a0000, 0x0000021cbb8c0000, 0x0000021cc2ae0000]
CodeHeap 'profiled nmethods': size=120000Kb used=9614Kb max_used=10028Kb free=110386Kb
 bounds [0x0000021cb3ae0000, 0x0000021cb44b0000, 0x0000021cbb010000]
CodeHeap 'non-nmethods': size=5696Kb used=1769Kb max_used=1797Kb free=3926Kb
 bounds [0x0000021cbb010000, 0x0000021cbb280000, 0x0000021cbb5a0000]
 total_blobs=6115 nmethods=5334 adapters=685
 compilation: enabled
              stopped_count=0, restarted_count=0
 full_count=0

Compilation events (20 events):
Event: 15.472 Thread 0x0000021cc79d1e60 6382       3       java.util.stream.Collectors::joining (34 bytes)
Event: 15.473 Thread 0x0000021cc79d1e60 nmethod 6382 0x0000021cb44a9210 code [0x0000021cb44a94a0, 0x0000021cb44aa288]
Event: 15.473 Thread 0x0000021cc79d1e60 6383       3       java.util.stream.Collectors::lambda$joining$11 (11 bytes)
Event: 15.473 Thread 0x0000021cc79d1e60 nmethod 6383 0x0000021cb44aa690 code [0x0000021cb44aa840, 0x0000021cb44aa9e0]
Event: 15.474 Thread 0x0000021cc79d1e60 6384       1       java.lang.reflect.Modifier::methodModifiers (4 bytes)
Event: 15.474 Thread 0x0000021cc79d1e60 nmethod 6384 0x0000021cbb8b6c90 code [0x0000021cbb8b6e20, 0x0000021cbb8b6ec8]
Event: 15.474 Thread 0x0000021cc79d1e60 6385       3       java.util.Spliterators$ArraySpliterator::estimateSize (27 bytes)
Event: 15.474 Thread 0x0000021cc79d1e60 nmethod 6385 0x0000021cb44aaa90 code [0x0000021cb44aac20, 0x0000021cb44aadb0]
Event: 15.474 Thread 0x0000021cc79d1e60 6386       3       java.lang.reflect.Executable$$Lambda/0x0000021cc9516190::apply (13 bytes)
Event: 15.474 Thread 0x0000021cc79d1e60 nmethod 6386 0x0000021cb44aae10 code [0x0000021cb44aafc0, 0x0000021cb44ab1f0]
Event: 15.476 Thread 0x0000021cc79d1e60 6387       3       java.util.StringJoiner::<init> (10 bytes)
Event: 15.476 Thread 0x0000021cc79d1e60 nmethod 6387 0x0000021cb44ab310 code [0x0000021cb44ab4c0, 0x0000021cb44ab608]
Event: 15.476 Thread 0x0000021cc79d1e60 6388       3       java.lang.reflect.Method::toString (20 bytes)
Event: 15.476 Thread 0x0000021cc79d1e60 nmethod 6388 0x0000021cb44ab690 code [0x0000021cb44ab860, 0x0000021cb44abbf8]
Event: 15.476 Thread 0x0000021cc79d1e60 6389       3       java.lang.reflect.Executable::printModifiersIfNonzero (101 bytes)
Event: 15.477 Thread 0x0000021cc79d1e60 nmethod 6389 0x0000021cb44abd10 code [0x0000021cb44abfa0, 0x0000021cb44ac7b0]
Event: 15.477 Thread 0x0000021cc79d1e60 6390       3       java.lang.reflect.Modifier::toString (185 bytes)
Event: 15.477 Thread 0x0000021cc79d1e60 nmethod 6390 0x0000021cb44acb10 code [0x0000021cb44acda0, 0x0000021cb44ad500]
Event: 15.477 Thread 0x0000021cc79d1e60 6391       3       java.lang.reflect.Method::specificToStringHeader (44 bytes)
Event: 15.478 Thread 0x0000021cc79d1e60 nmethod 6391 0x0000021cb44ad710 code [0x0000021cb44ad940, 0x0000021cb44ade40]

GC Heap History (20 events):
Event: 9.642 GC heap before
{Heap before GC invocations=10 (full 0):
 garbage-first heap   total reserved 2097152K, committed 48128K, used 40580K [0x0000000080000000, 0x0000000100000000)
  region size 1024K, 22 young (22528K), 3 survivors (3072K)
 Metaspace       used 42405K, committed 42944K, reserved 1114112K
  class space    used 5526K, committed 5760K, reserved 1048576K
}
Event: 9.649 GC heap after
{Heap after GC invocations=11 (full 0):
 garbage-first heap   total reserved 2097152K, committed 48128K, used 22630K [0x0000000080000000, 0x0000000100000000)
  region size 1024K, 3 young (3072K), 3 survivors (3072K)
 Metaspace       used 42405K, committed 42944K, reserved 1114112K
  class space    used 5526K, committed 5760K, reserved 1048576K
}
Event: 10.510 GC heap before
{Heap before GC invocations=11 (full 0):
 garbage-first heap   total reserved 2097152K, committed 48128K, used 40038K [0x0000000080000000, 0x0000000100000000)
  region size 1024K, 21 young (21504K), 3 survivors (3072K)
 Metaspace       used 46441K, committed 46976K, reserved 1114112K
  class space    used 6190K, committed 6400K, reserved 1048576K
}
Event: 10.517 GC heap after
{Heap after GC invocations=12 (full 0):
 garbage-first heap   total reserved 2097152K, committed 48128K, used 23406K [0x0000000080000000, 0x0000000100000000)
  region size 1024K, 3 young (3072K), 3 survivors (3072K)
 Metaspace       used 46441K, committed 46976K, reserved 1114112K
  class space    used 6190K, committed 6400K, reserved 1048576K
}
Event: 11.227 GC heap before
{Heap before GC invocations=12 (full 0):
 garbage-first heap   total reserved 2097152K, committed 48128K, used 40814K [0x0000000080000000, 0x0000000100000000)
  region size 1024K, 21 young (21504K), 3 survivors (3072K)
 Metaspace       used 50978K, committed 51648K, reserved 1114112K
  class space    used 6882K, committed 7168K, reserved 1048576K
}
Event: 11.233 GC heap after
{Heap after GC invocations=13 (full 0):
 garbage-first heap   total reserved 2097152K, committed 48128K, used 24364K [0x0000000080000000, 0x0000000100000000)
  region size 1024K, 3 young (3072K), 3 survivors (3072K)
 Metaspace       used 50978K, committed 51648K, reserved 1114112K
  class space    used 6882K, committed 7168K, reserved 1048576K
}
Event: 11.713 GC heap before
{Heap before GC invocations=13 (full 0):
 garbage-first heap   total reserved 2097152K, committed 48128K, used 39724K [0x0000000080000000, 0x0000000100000000)
  region size 1024K, 19 young (19456K), 3 survivors (3072K)
 Metaspace       used 55058K, committed 55744K, reserved 1114112K
  class space    used 7358K, committed 7680K, reserved 1048576K
}
Event: 11.719 GC heap after
{Heap after GC invocations=14 (full 0):
 garbage-first heap   total reserved 2097152K, committed 48128K, used 25307K [0x0000000080000000, 0x0000000100000000)
  region size 1024K, 2 young (2048K), 2 survivors (2048K)
 Metaspace       used 55058K, committed 55744K, reserved 1114112K
  class space    used 7358K, committed 7680K, reserved 1048576K
}
Event: 12.421 GC heap before
{Heap before GC invocations=15 (full 0):
 garbage-first heap   total reserved 2097152K, committed 48128K, used 42715K [0x0000000080000000, 0x0000000100000000)
  region size 1024K, 19 young (19456K), 2 survivors (2048K)
 Metaspace       used 59379K, committed 60032K, reserved 1114112K
  class space    used 8203K, committed 8512K, reserved 1048576K
}
Event: 12.426 GC heap after
{Heap after GC invocations=16 (full 0):
 garbage-first heap   total reserved 2097152K, committed 48128K, used 25874K [0x0000000080000000, 0x0000000100000000)
  region size 1024K, 2 young (2048K), 2 survivors (2048K)
 Metaspace       used 59379K, committed 60032K, reserved 1114112K
  class space    used 8203K, committed 8512K, reserved 1048576K
}
Event: 12.937 GC heap before
{Heap before GC invocations=16 (full 0):
 garbage-first heap   total reserved 2097152K, committed 48128K, used 41234K [0x0000000080000000, 0x0000000100000000)
  region size 1024K, 18 young (18432K), 2 survivors (2048K)
 Metaspace       used 62998K, committed 63680K, reserved 1114112K
  class space    used 8724K, committed 9024K, reserved 1048576K
}
Event: 12.943 GC heap after
{Heap after GC invocations=17 (full 0):
 garbage-first heap   total reserved 2097152K, committed 48128K, used 26942K [0x0000000080000000, 0x0000000100000000)
  region size 1024K, 3 young (3072K), 3 survivors (3072K)
 Metaspace       used 62998K, committed 63680K, reserved 1114112K
  class space    used 8724K, committed 9024K, reserved 1048576K
}
Event: 13.611 GC heap before
{Heap before GC invocations=17 (full 0):
 garbage-first heap   total reserved 2097152K, committed 48128K, used 41278K [0x0000000080000000, 0x0000000100000000)
  region size 1024K, 17 young (17408K), 3 survivors (3072K)
 Metaspace       used 65922K, committed 66624K, reserved 1114112K
  class space    used 9148K, committed 9472K, reserved 1048576K
}
Event: 13.618 GC heap after
{Heap after GC invocations=18 (full 0):
 garbage-first heap   total reserved 2097152K, committed 48128K, used 28048K [0x0000000080000000, 0x0000000100000000)
  region size 1024K, 3 young (3072K), 3 survivors (3072K)
 Metaspace       used 65922K, committed 66624K, reserved 1114112K
  class space    used 9148K, committed 9472K, reserved 1048576K
}
Event: 14.487 GC heap before
{Heap before GC invocations=19 (full 0):
 garbage-first heap   total reserved 2097152K, committed 48128K, used 40336K [0x0000000080000000, 0x0000000100000000)
  region size 1024K, 16 young (16384K), 3 survivors (3072K)
 Metaspace       used 67938K, committed 68608K, reserved 1114112K
  class space    used 9556K, committed 9856K, reserved 1048576K
}
Event: 14.494 GC heap after
{Heap after GC invocations=20 (full 0):
 garbage-first heap   total reserved 2097152K, committed 48128K, used 29343K [0x0000000080000000, 0x0000000100000000)
  region size 1024K, 2 young (2048K), 2 survivors (2048K)
 Metaspace       used 67938K, committed 68608K, reserved 1114112K
  class space    used 9556K, committed 9856K, reserved 1048576K
}
Event: 15.007 GC heap before
{Heap before GC invocations=20 (full 0):
 garbage-first heap   total reserved 2097152K, committed 48128K, used 40607K [0x0000000080000000, 0x0000000100000000)
  region size 1024K, 14 young (14336K), 2 survivors (2048K)
 Metaspace       used 69559K, committed 70208K, reserved 1114112K
  class space    used 9906K, committed 10176K, reserved 1048576K
}
Event: 15.013 GC heap after
{Heap after GC invocations=21 (full 0):
 garbage-first heap   total reserved 2097152K, committed 48128K, used 30239K [0x0000000080000000, 0x0000000100000000)
  region size 1024K, 2 young (2048K), 2 survivors (2048K)
 Metaspace       used 69559K, committed 70208K, reserved 1114112K
  class space    used 9906K, committed 10176K, reserved 1048576K
}
Event: 15.478 GC heap before
{Heap before GC invocations=21 (full 0):
 garbage-first heap   total reserved 2097152K, committed 48128K, used 40479K [0x0000000080000000, 0x0000000100000000)
  region size 1024K, 13 young (13312K), 2 survivors (2048K)
 Metaspace       used 71204K, committed 71936K, reserved 1114112K
  class space    used 10122K, committed 10432K, reserved 1048576K
}
Event: 15.482 GC heap after
{Heap after GC invocations=22 (full 0):
 garbage-first heap   total reserved 2097152K, committed 48128K, used 31181K [0x0000000080000000, 0x0000000100000000)
  region size 1024K, 1 young (1024K), 1 survivors (1024K)
 Metaspace       used 71204K, committed 71936K, reserved 1114112K
  class space    used 10122K, committed 10432K, reserved 1048576K
}

Dll operation events (13 events):
Event: 0.025 Loaded shared library C:\Program Files\Java\jdk-22\bin\java.dll
Event: 0.103 Loaded shared library C:\Program Files\Java\jdk-22\bin\jsvml.dll
Event: 0.279 Loaded shared library C:\Program Files\Java\jdk-22\bin\zip.dll
Event: 0.284 Loaded shared library C:\Program Files\Java\jdk-22\bin\instrument.dll
Event: 0.289 Loaded shared library C:\Program Files\Java\jdk-22\bin\net.dll
Event: 0.291 Loaded shared library C:\Program Files\Java\jdk-22\bin\nio.dll
Event: 0.300 Loaded shared library C:\Program Files\Java\jdk-22\bin\zip.dll
Event: 0.323 Loaded shared library C:\Users\Enrique\AppData\Local\Programs\IntelliJ IDEA Ultimate\bin\breakgen64.dll
Event: 0.340 Loaded shared library C:\Program Files\Java\jdk-22\bin\extnet.dll
Event: 0.606 Loaded shared library C:\Program Files\Java\jdk-22\bin\jimage.dll
Event: 3.446 Loaded shared library C:\Program Files\Java\jdk-22\bin\le.dll
Event: 5.565 Loaded shared library C:\Program Files\Java\jdk-22\bin\sunmscapi.dll
Event: 10.175 Loaded shared library C:\Program Files\Java\jdk-22\bin\verify.dll

Deoptimization events (20 events):
Event: 15.365 Thread 0x0000021ca9bef940 Uncommon trap: trap_request=0xffffffc6 fr.pc=0x0000021cbb613130 relative=0x00000000000004d0
Event: 15.365 Thread 0x0000021ca9bef940 Uncommon trap: reason=bimorphic_or_optimized_type_check action=maybe_recompile pc=0x0000021cbb613130 method=java.util.regex.Pattern$SliceI.match(Ljava/util/regex/Matcher;ILjava/lang/CharSequence;)Z @ 92 c2
Event: 15.365 Thread 0x0000021ca9bef940 DEOPT PACKING pc=0x0000021cbb613130 sp=0x0000007082cfb220
Event: 15.365 Thread 0x0000021ca9bef940 DEOPT UNPACKING pc=0x0000021cbb0646a2 sp=0x0000007082cfb1b8 mode 2
Event: 15.369 Thread 0x0000021ca9bef940 Uncommon trap: trap_request=0xffffffbe fr.pc=0x0000021cbb8ad124 relative=0x0000000000000e24
Event: 15.369 Thread 0x0000021ca9bef940 Uncommon trap: reason=profile_predicate action=maybe_recompile pc=0x0000021cbb8ad124 method=org.antlr.v4.runtime.misc.Array2DHashSet.getOrAddImpl(Ljava/lang/Object;)Ljava/lang/Object; @ 56 c2
Event: 15.369 Thread 0x0000021ca9bef940 DEOPT PACKING pc=0x0000021cbb8ad124 sp=0x0000007082cfa6b0
Event: 15.369 Thread 0x0000021ca9bef940 DEOPT UNPACKING pc=0x0000021cbb0646a2 sp=0x0000007082cfa688 mode 2
Event: 15.369 Thread 0x0000021ca9bef940 Uncommon trap: trap_request=0xffffffbe fr.pc=0x0000021cbb8ad124 relative=0x0000000000000e24
Event: 15.369 Thread 0x0000021ca9bef940 Uncommon trap: reason=profile_predicate action=maybe_recompile pc=0x0000021cbb8ad124 method=org.antlr.v4.runtime.misc.Array2DHashSet.getOrAddImpl(Ljava/lang/Object;)Ljava/lang/Object; @ 56 c2
Event: 15.369 Thread 0x0000021ca9bef940 DEOPT PACKING pc=0x0000021cbb8ad124 sp=0x0000007082cfa6b0
Event: 15.369 Thread 0x0000021ca9bef940 DEOPT UNPACKING pc=0x0000021cbb0646a2 sp=0x0000007082cfa688 mode 2
Event: 15.369 Thread 0x0000021ca9bef940 Uncommon trap: trap_request=0xffffffbe fr.pc=0x0000021cbb8ad124 relative=0x0000000000000e24
Event: 15.369 Thread 0x0000021ca9bef940 Uncommon trap: reason=profile_predicate action=maybe_recompile pc=0x0000021cbb8ad124 method=org.antlr.v4.runtime.misc.Array2DHashSet.getOrAddImpl(Ljava/lang/Object;)Ljava/lang/Object; @ 56 c2
Event: 15.369 Thread 0x0000021ca9bef940 DEOPT PACKING pc=0x0000021cbb8ad124 sp=0x0000007082cfa6b0
Event: 15.369 Thread 0x0000021ca9bef940 DEOPT UNPACKING pc=0x0000021cbb0646a2 sp=0x0000007082cfa688 mode 2
Event: 15.369 Thread 0x0000021ca9bef940 Uncommon trap: trap_request=0xffffffbe fr.pc=0x0000021cbb8ad124 relative=0x0000000000000e24
Event: 15.369 Thread 0x0000021ca9bef940 Uncommon trap: reason=profile_predicate action=maybe_recompile pc=0x0000021cbb8ad124 method=org.antlr.v4.runtime.misc.Array2DHashSet.getOrAddImpl(Ljava/lang/Object;)Ljava/lang/Object; @ 56 c2
Event: 15.369 Thread 0x0000021ca9bef940 DEOPT PACKING pc=0x0000021cbb8ad124 sp=0x0000007082cfa6b0
Event: 15.369 Thread 0x0000021ca9bef940 DEOPT UNPACKING pc=0x0000021cbb0646a2 sp=0x0000007082cfa688 mode 2

Classes loaded (20 events):
Event: 13.580 Loading class java/lang/Character$UnicodeBlock
Event: 13.581 Loading class java/lang/Character$Subset
Event: 13.581 Loading class java/lang/Character$Subset done
Event: 13.582 Loading class java/lang/Character$UnicodeBlock done
Event: 13.702 Loading class java/util/regex/Pattern$Bound
Event: 13.703 Loading class java/util/regex/Pattern$Bound done
Event: 13.704 Loading class java/util/regex/Pattern$Behind
Event: 13.704 Loading class java/util/regex/Pattern$Behind done
Event: 13.764 Loading class java/util/WeakHashMap$KeyIterator
Event: 13.765 Loading class java/util/WeakHashMap$HashIterator
Event: 13.765 Loading class java/util/WeakHashMap$HashIterator done
Event: 13.765 Loading class java/util/WeakHashMap$KeyIterator done
Event: 13.765 Loading class java/util/WeakHashMap$EntrySet
Event: 13.765 Loading class java/util/WeakHashMap$EntrySet done
Event: 13.765 Loading class java/util/WeakHashMap$EntryIterator
Event: 13.765 Loading class java/util/WeakHashMap$EntryIterator done
Event: 13.827 Loading class java/util/EmptyStackException
Event: 13.827 Loading class java/util/EmptyStackException done
Event: 13.858 Loading class java/io/InvalidClassException
Event: 13.858 Loading class java/io/InvalidClassException done

Classes unloaded (0 events):
No events

Classes redefined (0 events):
No events

Internal exceptions (20 events):
Event: 12.615 Thread 0x0000021ca9bef940 Exception <a 'java/lang/NoSuchMethodError'{0x00000000838f37d0}: 'java.lang.Object java.lang.invoke.DirectMethodHandle$Holder.newInvokeSpecial(java.lang.Object, java.lang.Object, java.lang.Object, java.lang.Object, java.lang.Object, java.lang.Object, java.lang.Object, java.lang.Object, java.lang.Object, java.lang.Object, java.lang.Object, java.lang.Object)'> (0x00000000838f37d0) 
thrown [s\open\src\hotspot\share\interpreter\linkResolver.cpp, line 774]
Event: 12.615 Thread 0x0000021ca9bef940 Exception <a 'java/lang/NoSuchMethodError'{0x00000000838f8888}: 'java.lang.Object java.lang.invoke.DirectMethodHandle$Holder.invokeSpecial(java.lang.Object, java.lang.Object, java.lang.Object, java.lang.Object, java.lang.Object, java.lang.Object, java.lang.Object, java.lang.Object, java.lang.Object, java.lang.Object, java.lang.Object, java.lang.Object, java.lang.Object)'> (0x00000000838f8888) 
thrown [s\open\src\hotspot\share\interpreter\linkResolver.cpp, line 774]
Event: 12.615 Thread 0x0000021ca9bef940 Exception <a 'java/lang/NoSuchMethodError'{0x00000000838fd0c8}: 'java.lang.Object java.lang.invoke.Invokers$Holder.linkToTargetMethod(java.lang.Object, java.lang.Object, java.lang.Object, java.lang.Object, java.lang.Object, java.lang.Object, java.lang.Object, java.lang.Object, java.lang.Object, java.lang.Object, java.lang.Object, java.lang.Object)'> (0x00000000838fd0c8) 
thrown [s\open\src\hotspot\share\interpreter\linkResolver.cpp, line 774]
Event: 12.678 Thread 0x0000021ca9bef940 Exception <a 'java/lang/NoSuchMethodError'{0x000000008260c7e0}: 'java.lang.Object java.lang.invoke.DirectMethodHandle$Holder.newInvokeSpecial(java.lang.Object, java.lang.Object, java.lang.Object, java.lang.Object, java.lang.Object, java.lang.Object, java.lang.Object, int)'> (0x000000008260c7e0) 
thrown [s\open\src\hotspot\share\interpreter\linkResolver.cpp, line 774]
Event: 12.678 Thread 0x0000021ca9bef940 Exception <a 'java/lang/NoSuchMethodError'{0x0000000082611538}: 'java.lang.Object java.lang.invoke.DirectMethodHandle$Holder.invokeSpecial(java.lang.Object, java.lang.Object, java.lang.Object, java.lang.Object, java.lang.Object, java.lang.Object, java.lang.Object, java.lang.Object, int)'> (0x0000000082611538) 
thrown [s\open\src\hotspot\share\interpreter\linkResolver.cpp, line 774]
Event: 12.678 Thread 0x0000021ca9bef940 Exception <a 'java/lang/NoSuchMethodError'{0x0000000082615d18}: 'java.lang.Object java.lang.invoke.Invokers$Holder.linkToTargetMethod(java.lang.Object, java.lang.Object, java.lang.Object, java.lang.Object, java.lang.Object, java.lang.Object, int, java.lang.Object)'> (0x0000000082615d18) 
thrown [s\open\src\hotspot\share\interpreter\linkResolver.cpp, line 774]
Event: 12.692 Thread 0x0000021ca9bef940 Implicit null exception at 0x0000021cbb655d41 to 0x0000021cbb655e90
Event: 12.714 Thread 0x0000021ca9bef940 Exception <a 'java/lang/NoSuchMethodError'{0x0000000082534348}: 'java.lang.Object java.lang.invoke.DirectMethodHandle$Holder.newInvokeSpecial(java.lang.Object, java.lang.Object, int, java.lang.Object, int, java.lang.Object, java.lang.Object)'> (0x0000000082534348) 
thrown [s\open\src\hotspot\share\interpreter\linkResolver.cpp, line 774]
Event: 12.866 Thread 0x0000021ca9bef940 Exception <a 'java/lang/NoSuchMethodError'{0x00000000822fd210}: 'java.lang.Object java.lang.invoke.DirectMethodHandle$Holder.invokeSpecial(java.lang.Object, java.lang.Object, int, java.lang.Object, int)'> (0x00000000822fd210) 
thrown [s\open\src\hotspot\share\interpreter\linkResolver.cpp, line 774]
Event: 12.885 Thread 0x0000021ca9bef940 Exception <a 'java/lang/NoSuchMethodError'{0x0000000082199ac0}: 'void java.lang.invoke.Invokers$Holder.invokeExact_MT(java.lang.Object, java.lang.Object, java.lang.Object, java.lang.Object)'> (0x0000000082199ac0) 
thrown [s\open\src\hotspot\share\interpreter\linkResolver.cpp, line 774]
Event: 12.913 Thread 0x0000021ca9bef940 Implicit null exception at 0x0000021cbb644b1a to 0x0000021cbb644b54
Event: 13.107 Thread 0x0000021ca9bef940 Exception <a 'java/lang/IncompatibleClassChangeError'{0x0000000083dbac20}: Found class java.lang.Object, but interface was expected> (0x0000000083dbac20) 
thrown [s\open\src\hotspot\share\interpreter\linkResolver.cpp, line 841]
Event: 13.119 Thread 0x0000021ca9bef940 Implicit null exception at 0x0000021cbb7488e8 to 0x0000021cbb748b38
Event: 13.119 Thread 0x0000021ca9bef940 Implicit null exception at 0x0000021cbb7c7cf3 to 0x0000021cbb7c7f64
Event: 13.155 Thread 0x0000021ca9bef940 Exception <a 'java/lang/IncompatibleClassChangeError'{0x0000000083b18548}: Found class java.lang.Object, but interface was expected> (0x0000000083b18548) 
thrown [s\open\src\hotspot\share\interpreter\linkResolver.cpp, line 841]
Event: 13.229 Thread 0x0000021ca9bef940 Exception <a 'java/lang/IncompatibleClassChangeError'{0x0000000083a97920}: Found class java.lang.Object, but interface was expected> (0x0000000083a97920) 
thrown [s\open\src\hotspot\share\interpreter\linkResolver.cpp, line 841]
Event: 13.239 Thread 0x0000021ca9bef940 Exception <a 'java/lang/NoSuchMethodError'{0x0000000083adf610}: 'java.lang.Object java.lang.invoke.DirectMethodHandle$Holder.invokeSpecialIFC(java.lang.Object, java.lang.Object, java.lang.Object)'> (0x0000000083adf610) 
thrown [s\open\src\hotspot\share\interpreter\linkResolver.cpp, line 774]
Event: 13.482 Thread 0x0000021ca9bef940 Exception <a 'java/lang/IncompatibleClassChangeError'{0x0000000082469b28}: Found class java.lang.Object, but interface was expected> (0x0000000082469b28) 
thrown [s\open\src\hotspot\share\interpreter\linkResolver.cpp, line 841]
Event: 13.536 Thread 0x0000021ca9bef940 Exception <a 'java/lang/NoSuchMethodError'{0x00000000822339a8}: 'java.lang.Object java.lang.invoke.DirectMethodHandle$Holder.invokeInterface(java.lang.Object, java.lang.Object, int)'> (0x00000000822339a8) 
thrown [s\open\src\hotspot\share\interpreter\linkResolver.cpp, line 774]
Event: 13.599 Thread 0x0000021ca9bef940 Exception <a 'java/lang/IncompatibleClassChangeError'{0x00000000821887c0}: Found class java.lang.Object, but interface was expected> (0x00000000821887c0) 
thrown [s\open\src\hotspot\share\interpreter\linkResolver.cpp, line 841]

ZGC Phase Switch (0 events):
No events

VM Operations (20 events):
Event: 13.359 Executing VM operation: HandshakeAllThreads (Deoptimize) done
Event: 13.501 Executing VM operation: HandshakeAllThreads (Deoptimize)
Event: 13.501 Executing VM operation: HandshakeAllThreads (Deoptimize) done
Event: 13.611 Executing VM operation: G1CollectForAllocation (G1 Evacuation Pause)
Event: 13.618 Executing VM operation: G1CollectForAllocation (G1 Evacuation Pause) done
Event: 13.654 Executing VM operation: G1PauseRemark
Event: 13.661 Executing VM operation: G1PauseRemark done
Event: 13.677 Executing VM operation: G1PauseCleanup
Event: 13.683 Executing VM operation: G1PauseCleanup done
Event: 13.885 Executing VM operation: HandshakeAllThreads (Deoptimize)
Event: 13.885 Executing VM operation: HandshakeAllThreads (Deoptimize) done
Event: 14.447 Executing VM operation: HandshakeAllThreads (Deoptimize)
Event: 14.447 Executing VM operation: HandshakeAllThreads (Deoptimize) done
Event: 14.487 Executing VM operation: G1CollectForAllocation (G1 Evacuation Pause)
Event: 14.494 Executing VM operation: G1CollectForAllocation (G1 Evacuation Pause) done
Event: 15.007 Executing VM operation: G1CollectForAllocation (G1 Evacuation Pause)
Event: 15.013 Executing VM operation: G1CollectForAllocation (G1 Evacuation Pause) done
Event: 15.478 Executing VM operation: G1CollectForAllocation (G1 Evacuation Pause)
Event: 15.482 Executing VM operation: G1CollectForAllocation (G1 Evacuation Pause) done
Event: 15.565 Executing VM operation: G1PauseRemark

Events (20 events):
Event: 15.572 Thread 0x0000021cc79a5920 flushing nmethod 0x0000021cb41af590
Event: 15.572 Thread 0x0000021cc79a5920 flushing nmethod 0x0000021cb41f3690
Event: 15.572 Thread 0x0000021cc79a5920 flushing nmethod 0x0000021cb4206090
Event: 15.572 Thread 0x0000021cc79a5920 flushing nmethod 0x0000021cb422ae90
Event: 15.572 Thread 0x0000021cc79a5920 flushing nmethod 0x0000021cb4247490
Event: 15.572 Thread 0x0000021cc79a5920 flushing nmethod 0x0000021cb4248990
Event: 15.572 Thread 0x0000021cc79a5920 flushing nmethod 0x0000021cb4265190
Event: 15.572 Thread 0x0000021cc79a5920 flushing nmethod 0x0000021cb4265990
Event: 15.572 Thread 0x0000021cc79a5920 flushing nmethod 0x0000021cb4276b90
Event: 15.572 Thread 0x0000021cc79a5920 flushing nmethod 0x0000021cb4278490
Event: 15.573 Thread 0x0000021cc79a5920 flushing nmethod 0x0000021cb4278e10
Event: 15.573 Thread 0x0000021cc79a5920 flushing nmethod 0x0000021cb42cc090
Event: 15.573 Thread 0x0000021cc79a5920 flushing nmethod 0x0000021cb42f7590
Event: 15.573 Thread 0x0000021cc79a5920 flushing nmethod 0x0000021cb436fd90
Event: 15.573 Thread 0x0000021cc79a5920 flushing nmethod 0x0000021cb4377d10
Event: 15.573 Thread 0x0000021cc79a5920 flushing nmethod 0x0000021cb4378190
Event: 15.573 Thread 0x0000021cc79a5920 flushing nmethod 0x0000021cb437c390
Event: 15.573 Thread 0x0000021cc79a5920 flushing nmethod 0x0000021cb43fbf10
Event: 15.573 Thread 0x0000021cc79a5920 flushing nmethod 0x0000021cb43fc290
Event: 15.573 Thread 0x0000021cc79a5920 flushing nmethod 0x0000021cb43fcd90


Dynamic libraries:
0x00007ff710aa0000 - 0x00007ff710ab0000 	C:\Program Files\Java\jdk-22\bin\java.exe
0x00007fffc08e0000 - 0x00007fffc0b42000 	C:\Windows\SYSTEM32\ntdll.dll
0x00007fffbf160000 - 0x00007fffbf226000 	C:\Windows\System32\KERNEL32.DLL
0x00007fffbe3f0000 - 0x00007fffbe78f000 	C:\Windows\System32\KERNELBASE.dll
0x00007fffbdd30000 - 0x00007fffbde7c000 	C:\Windows\System32\ucrtbase.dll
0x00007fffb8650000 - 0x00007fffb8667000 	C:\Program Files\Java\jdk-22\bin\jli.dll
0x00007fffbf4b0000 - 0x00007fffbf562000 	C:\Windows\System32\ADVAPI32.dll
0x00007fffbf400000 - 0x00007fffbf4a9000 	C:\Windows\System32\msvcrt.dll
0x00007fffc03d0000 - 0x00007fffc0477000 	C:\Windows\System32\sechost.dll
0x00007fffbf8f0000 - 0x00007fffbfa06000 	C:\Windows\System32\RPCRT4.dll
0x00007fffbee90000 - 0x00007fffbf04f000 	C:\Windows\System32\USER32.dll
0x00007fffbe130000 - 0x00007fffbe157000 	C:\Windows\System32\win32u.dll
0x00007fffc0480000 - 0x00007fffc04aa000 	C:\Windows\System32\GDI32.dll
0x00007fffbe000000 - 0x00007fffbe121000 	C:\Windows\System32\gdi32full.dll
0x00007fffbe160000 - 0x00007fffbe203000 	C:\Windows\System32\msvcp_win.dll
0x00007fffb8630000 - 0x00007fffb864b000 	C:\Program Files\Java\jdk-22\bin\VCRUNTIME140.dll
0x00007fffafc10000 - 0x00007fffafc1b000 	C:\Windows\SYSTEM32\VERSION.dll
0x00007fff98450000 - 0x00007fff986e0000 	C:\Windows\WinSxS\amd64_microsoft.windows.common-controls_6595b64144ccf1df_6.0.26100.712_none_4446894f1c2e6cc3\COMCTL32.dll
0x00007fffbe7f0000 - 0x00007fffbe81f000 	C:\Windows\System32\IMM32.DLL
0x00007fffb8d20000 - 0x00007fffb8d2c000 	C:\Program Files\Java\jdk-22\bin\vcruntime140_1.dll
0x00007fffb1480000 - 0x00007fffb150e000 	C:\Program Files\Java\jdk-22\bin\msvcp140.dll
0x00007fff5d060000 - 0x00007fff5dda7000 	C:\Program Files\Java\jdk-22\bin\server\jvm.dll
0x00007fffc0350000 - 0x00007fffc03c4000 	C:\Windows\System32\WS2_32.dll
0x00007fffbdbd0000 - 0x00007fffbdc1e000 	C:\Windows\SYSTEM32\POWRPROF.dll
0x00007fffae680000 - 0x00007fffae6b6000 	C:\Windows\SYSTEM32\WINMM.dll
0x00007fffbdbb0000 - 0x00007fffbdbc4000 	C:\Windows\SYSTEM32\UMPDC.dll
0x00007fffbcbc0000 - 0x00007fffbcbda000 	C:\Windows\SYSTEM32\kernel.appcore.dll
0x00007fffb8620000 - 0x00007fffb862a000 	C:\Program Files\Java\jdk-22\bin\jimage.dll
0x00007fffac7c0000 - 0x00007fffaca01000 	C:\Windows\SYSTEM32\DBGHELP.DLL
0x00007fffbf570000 - 0x00007fffbf8e5000 	C:\Windows\System32\combase.dll
0x00007fffbfa80000 - 0x00007fffbfb56000 	C:\Windows\System32\OLEAUT32.dll
0x00007fffafc80000 - 0x00007fffafcb9000 	C:\Windows\SYSTEM32\dbgcore.DLL
0x00007fffbe210000 - 0x00007fffbe2a9000 	C:\Windows\System32\bcryptPrimitives.dll
0x00007fffb8580000 - 0x00007fffb858f000 	C:\Program Files\Java\jdk-22\bin\instrument.dll
0x00007fffb8560000 - 0x00007fffb857e000 	C:\Program Files\Java\jdk-22\bin\java.dll
0x00007fffbfc60000 - 0x00007fffc0346000 	C:\Windows\System32\SHELL32.dll
0x00007fffc0700000 - 0x00007fffc0899000 	C:\Windows\System32\ole32.dll
0x00007fffbbb30000 - 0x00007fffbc352000 	C:\Windows\SYSTEM32\windows.storage.dll
0x00007fffbe830000 - 0x00007fffbe903000 	C:\Windows\System32\SHCORE.dll
0x00007fffbfa10000 - 0x00007fffbfa6d000 	C:\Windows\System32\shlwapi.dll
0x00007fffbdc50000 - 0x00007fffbdc74000 	C:\Windows\SYSTEM32\profapi.dll
0x00007fff9ce90000 - 0x00007fff9cf67000 	C:\Program Files\Java\jdk-22\bin\jsvml.dll
0x00007fffb2230000 - 0x00007fffb2247000 	C:\Program Files\Java\jdk-22\bin\zip.dll
0x00007fffb8550000 - 0x00007fffb8560000 	C:\Program Files\Java\jdk-22\bin\net.dll
0x00007fffbd060000 - 0x00007fffbd0c8000 	C:\Windows\system32\mswsock.dll
0x00007fffb21d0000 - 0x00007fffb21e6000 	C:\Program Files\Java\jdk-22\bin\nio.dll
0x00007fff9d580000 - 0x00007fff9d59a000 	C:\Users\Enrique\AppData\Local\Programs\IntelliJ IDEA Ultimate\bin\breakgen64.dll
0x00007fffb7c00000 - 0x00007fffb7c09000 	C:\Program Files\Java\jdk-22\bin\extnet.dll
0x00007fffb4490000 - 0x00007fffb449b000 	C:\Program Files\Java\jdk-22\bin\le.dll
0x00007fffb21a0000 - 0x00007fffb21ae000 	C:\Program Files\Java\jdk-22\bin\sunmscapi.dll
0x00007fffbde80000 - 0x00007fffbdff6000 	C:\Windows\System32\CRYPT32.dll
0x00007fffbd550000 - 0x00007fffbd580000 	C:\Windows\SYSTEM32\ncrypt.dll
0x00007fffbd500000 - 0x00007fffbd53f000 	C:\Windows\SYSTEM32\NTASN1.dll
0x00007fffbc6b0000 - 0x00007fffbc7cd000 	C:\Windows\SYSTEM32\DNSAPI.dll
0x00007fffbc670000 - 0x00007fffbc6a0000 	C:\Windows\SYSTEM32\IPHLPAPI.DLL
0x00007fffbfa70000 - 0x00007fffbfa7a000 	C:\Windows\System32\NSI.dll
0x00007fffb7210000 - 0x00007fffb721b000 	C:\Windows\System32\rasadhlp.dll
0x00007fffb4f20000 - 0x00007fffb4fa5000 	C:\Windows\System32\fwpuclnt.dll
0x00007fffbd410000 - 0x00007fffbd42c000 	C:\Windows\SYSTEM32\CRYPTSP.dll
0x00007fffbcb20000 - 0x00007fffbcb58000 	C:\Windows\system32\rsaenh.dll
0x00007fffbd100000 - 0x00007fffbd12b000 	C:\Windows\SYSTEM32\USERENV.dll
0x00007fffbd590000 - 0x00007fffbd5b6000 	C:\Windows\SYSTEM32\bcrypt.dll
0x00007fffbd280000 - 0x00007fffbd28c000 	C:\Windows\SYSTEM32\CRYPTBASE.dll
0x00007fff9f620000 - 0x00007fff9f630000 	C:\Program Files\Java\jdk-22\bin\verify.dll

dbghelp: loaded successfully - version: 4.0.5 - missing functions: none
symbol engine: initialized successfully - sym options: 0x614 - pdb path: .;C:\Program Files\Java\jdk-22\bin;C:\Windows\SYSTEM32;C:\Windows\WinSxS\amd64_microsoft.windows.common-controls_6595b64144ccf1df_6.0.26100.712_none_4446894f1c2e6cc3;C:\Program Files\Java\jdk-22\bin\server;C:\Users\Enrique\AppData\Local\Programs\IntelliJ IDEA Ultimate\bin

VM Arguments:
jvm_args: -ea --enable-preview -Didea.test.cyclic.buffer.size=1048576 -javaagent:C:\Users\Enrique\AppData\Local\Programs\IntelliJ IDEA Ultimate\lib\idea_rt.jar=54216:C:\Users\Enrique\AppData\Local\Programs\IntelliJ IDEA Ultimate\bin -Dfile.encoding=UTF-8 -Dsun.stdout.encoding=UTF-8 -Dsun.stderr.encoding=UTF-8 
java_command: com.intellij.rt.junit.JUnitStarter -ideVersion5 -junit5 med.voll.api.domain.medico.MedicoRepositoryTest,seleccionarMedicoConEspecialidadEnFechaEscenario2
java_class_path (initial): C:\Users\Enrique\.m2\repository\org\junit\platform\junit-platform-launcher\1.10.2\junit-platform-launcher-1.10.2.jar;C:\Users\Enrique\AppData\Local\Programs\IntelliJ IDEA Ultimate\lib\idea_rt.jar;C:\Users\Enrique\AppData\Local\Programs\IntelliJ IDEA Ultimate\plugins\junit\lib\junit5-rt.jar;C:\Users\Enrique\AppData\Local\Programs\IntelliJ IDEA Ultimate\plugins\junit\lib\junit-rt.jar;C:\Users\Enrique\IdeaProjects\med-voll-api-curso3\target\test-classes;C:\Users\Enrique\IdeaProjects\med-voll-api-curso3\target\classes;C:\Users\Enrique\.m2\repository\org\springframework\boot\spring-boot-starter-web\3.3.0\spring-boot-starter-web-3.3.0.jar;C:\Users\Enrique\.m2\repository\org\springframework\boot\spring-boot-starter\3.3.0\spring-boot-starter-3.3.0.jar;C:\Users\Enrique\.m2\repository\org\springframework\boot\spring-boot-starter-logging\3.3.0\spring-boot-starter-logging-3.3.0.jar;C:\Users\Enrique\.m2\repository\ch\qos\logback\logback-classic\1.5.6\logback-classic-1.5.6.jar;C:\Users\Enrique\.m2\repository\ch\qos\logback\logback-core\1.5.6\logback-core-1.5.6.jar;C:\Users\Enrique\.m2\repository\org\apache\logging\log4j\log4j-to-slf4j\2.23.1\log4j-to-slf4j-2.23.1.jar;C:\Users\Enrique\.m2\repository\org\apache\logging\log4j\log4j-api\2.23.1\log4j-api-2.23.1.jar;C:\Users\Enrique\.m2\repository\org\slf4j\jul-to-slf4j\2.0.13\jul-to-slf4j-2.0.13.jar;C:\Users\Enrique\.m2\repository\jakarta\annotation\jakarta.annotation-api\2.1.1\jakarta.annotation-api-2.1.1.jar;C:\Users\Enrique\.m2\repository\org\yaml\snakeyaml\2.2\snakeyaml-2.2.jar;C:\Users\Enrique\.m2\repository\org\springframework\boot\spring-boot-starter-json\3.3.0\spring-boot-starter-json-3.3.0.jar;C:\Users\Enrique\.m2\repository\com\fasterxml\jackson\datatype\jackson-datatype-jdk8\2.17.1\jackson-datatype-jdk8-2.17.1.jar;C:\Users\Enrique\.m2\repository\com\fasterxml\jackson\datatype\jackson-datatype-jsr310\2.17.1\jackson-datatype-jsr310-2.17.1.jar;C:\Users\Enrique\.m2\repository\com\fasterxml\jackson\module\jackson-module-parameter-names\2.17.1\jackson-module-parameter-names-2.17.1.jar;C:\Users\Enrique\.m2\repository\org\springframework\boot\spring-boot-starter-tomcat\3.3.0\spring-boot-starter-tomcat-3.3.0.jar;C:\Users\Enrique\.m2\repository\org\apache\tomcat\embed\tomcat-embed-core\10.1.24\tomcat-embed-core-10.1.24.jar;C:\Users\Enrique\.m2\repository\org\apache\tomcat\embed\tomcat-embed-websocket\10.1.24\tomcat-embed-websocket-10.1.24.jar;C:\Users\Enrique\.m2\repository\org\springframework\spring-web\6.1.8\spring-web-6.1.8.jar;C:\Users\Enrique\.m2\repository\org\springframework\spring-beans\6.1.8\spring-beans-6.1.8.jar;C:\Users\Enrique\.m2\repository\io\micrometer\micrometer-observation\1.13.0\micrometer-observation-1.13.0.jar;C:\Users\Enrique\.m2\repository\io\micrometer\micrometer-commons\1.13.0\micrometer-commons-1.13.0.jar;C:\Users\Enrique\.m2\repository\org\springframework\spring-webmvc\6.1.8\spring-webmvc-6.1.8.jar;C:\Users\Enrique\.m2\repository\org\springframework\spring-context\6.1.8\spring-context-6.1.8.jar;C:\Users\Enrique\.m2\repository\org\springframework\spring-expression\6.1.8\spring-expression-6.1.8.jar;C:\Users\Enrique\.m2\repository\org\springframework\boot\spring-boot-devtools\3.3.0\spring-boot-devtools-3.3.0.jar;C:\Users\Enrique\.m2\repository\org\springframework\boot\spring-boot\3.3.0\spring-boot-3.3.0.jar;C:\Users\Enrique\.m2\repository\org\springframework\boot\spring-boot-autoconfigure\3.3.0\spring-boot-autoconfigure-3.3.0.jar;C:\Users\Enrique\.m2\repository\org\projectlombok\lombok\1.18.32\lombok-1.18.32.jar;C:\Users\Enrique\.m2\repository\org\springframework\boot\spring-boot-starter-test\3.3.0\spring-boot-starter-test-3.3.0.jar;C:\Users\Enrique\.m2\repository\org\springframework\boot\spring-boot-test\3.3.0\spring-boot-test-3.3.0.jar;C:\Users\Enrique\.m2\repository\org\springframework\boot\spring-boot-test-autoconfigure\3.3.0\spring-boot-test-autoconfigure-3.3.0.jar;C:\Users\Enrique\.m2\repository\com\jayway\jsonpath\json-path\2.9.0\json-path-2.9.0.jar;C:\Users\Enrique\.m2\repository\org\slf4j\slf4j-api\2.0.13\slf4j-api-2.0.13.jar;C:\Users\Enrique\.m2\repository\jakarta\xml\bind\jakarta.xml.bind-api\4.0.2\jakarta.xml.bind-api-4.0.2.jar;C:\Users\Enrique\.m2\repository\jakarta\activation\jakarta.activation-api\2.1.3\jakarta.activation-api-2.1.3.jar;C:\Users\Enrique\.m2\repository\net\minidev\json-smart\2.5.1\json-smart-2.5.1.jar;C:\Users\Enrique\.m2\repository\net\minidev\accessors-smart\2.5.1\accessors-smart-2.5.1.jar;C:\Users\Enrique\.m2\repository\org\ow2\asm\asm\9.6\asm-9.6.jar;C:\Users\Enrique\.m2\repository\org\assertj\assertj-core\3.25.3\assertj-core-3.25.3.jar;C:\Users\Enrique\.m2\repository\net\bytebuddy\byte-buddy\1.14.16\byte-buddy-1.14.16.jar;C:\Users\Enrique\.m2\repository\org\awaitility\awaitility\4.2.1\awaitility-4.2.1.jar;C:\Users\Enrique\.m2\repository\org\hamcrest\hamcrest\2.2\hamcrest-2.2.jar;C:\Users\Enrique\.m2\repository\org\junit\jupiter\junit-jupiter\5.10.2\junit-jupiter-5.10.2.jar;C:\Users\Enrique\.m2\repository\org\junit\jupiter\junit-jupiter-api\5.10.2\junit-jupiter-api-5.10.2.jar;C:\Users\Enrique\.m2\repository\org\opentest4j\opentest4j\1.3.0\opentest4j-1.3.0.jar;C:\Users\Enrique\.m2\repository\org\junit\platform\junit-platform-commons\1.10.2\junit-platform-commons-1.10.2.jar;C:\Users\Enrique\.m2\repository\org\apiguardian\apiguardian-api\1.1.2\apiguardian-api-1.1.2.jar;C:\Users\Enrique\.m2\repository\org\junit\jupiter\junit-jupiter-params\5.10.2\junit-jupiter-params-5.10.2.jar;C:\Users\Enrique\.m2\repository\org\junit\jupiter\junit-jupiter-engine\5.10.2\junit-jupiter-engine-5.10.2.jar;C:\Users\Enrique\.m2\repository\org\junit\platform\junit-platform-engine\1.10.2\junit-platform-engine-1.10.2.jar;C:\Users\Enrique\.m2\repository\org\mockito\mockito-core\5.11.0\mockito-core-5.11.0.jar;C:\Users\Enrique\.m2\repository\net\bytebuddy\byte-buddy-agent\1.14.16\byte-buddy-agent-1.14.16.jar;C:\Users\Enrique\.m2\repository\org\objenesis\objenesis\3.3\objenesis-3.3.jar;C:\Users\Enrique\.m2\repository\org\mockito\mockito-junit-jupiter\5.11.0\mockito-junit-jupiter-5.11.0.jar;C:\Users\Enrique\.m2\repository\org\skyscreamer\jsonassert\1.5.1\jsonassert-1.5.1.jar;C:\Users\Enrique\.m2\repository\com\vaadin\external\google\android-json\0.0.20131108.vaadin1\android-json-0.0.20131108.vaadin1.jar;C:\Users\Enrique\.m2\repository\org\springframework\spring-core\6.1.8\spring-core-6.1.8.jar;C:\Users\Enrique\.m2\repository\org\springframework\spring-jcl\6.1.8\spring-jcl-6.1.8.jar;C:\Users\Enrique\.m2\repository\org\springframework\spring-test\6.1.8\spring-test-6.1.8.jar;C:\Users\Enrique\.m2\repository\org\xmlunit\xmlunit-core\2.9.1\xmlunit-core-2.9.1.jar;C:\Users\Enrique\.m2\repository\org\springframework\boot\spring-boot-starter-data-jpa\3.3.0\spring-boot-starter-data-jpa-3.3.0.jar;C:\Users\Enrique\.m2\repository\org\springframework\boot\spring-boot-starter-aop\3.3.0\spring-boot-starter-aop-3.3.0.jar;C:\Users\Enrique\.m2\repository\org\aspectj\aspectjweaver\1.9.22\aspectjweaver-1.9.22.jar;C:\Users\Enrique\.m2\repository\org\springframework\boot\spring-boot-starter-jdbc\3.3.0\spring-boot-starter-jdbc-3.3.0.jar;C:\Users\Enrique\.m2\repository\com\zaxxer\HikariCP\5.1.0\HikariCP-5.1.0.jar;C:\Users\Enrique\.m2\repository\org\springframework\spring-jdbc\6.1.8\spring-jdbc-6.1.8.jar;C:\Users\Enrique\.m2\repository\org\hibernate\orm\hibernate-core\6.5.2.Final\hibernate-core-6.5.2.Final.jar;C:\Users\Enrique\.m2\repository\jakarta\persistence\jakarta.persistence-api\3.1.0\jakarta.persistence-api-3.1.0.jar;C:\Users\Enrique\.m2\repository\jakarta\transaction\jakarta.transaction-api\2.0.1\jakarta.transaction-api-2.0.1.jar;C:\Users\Enrique\.m2\repository\org\jboss\logging\jboss-logging\3.5.3.Final\jboss-logging-3.5.3.Final.jar;C:\Users\Enrique\.m2\repository\org\hibernate\common\hibernate-commons-annotations\6.0.6.Final\hibernate-commons-annotations-6.0.6.Final.jar;C:\Users\Enrique\.m2\repository\io\smallrye\jandex\3.1.2\jandex-3.1.2.jar;C:\Users\Enrique\.m2\repository\com\fasterxml\classmate\1.7.0\classmate-1.7.0.jar;C:\Users\Enrique\.m2\repository\org\glassfish\jaxb\jaxb-runtime\4.0.5\jaxb-runtime-4.0.5.jar;C:\Users\Enrique\.m2\repository\org\glassfish\jaxb\jaxb-core\4.0.5\jaxb-core-4.0.5.jar;C:\Users\Enrique\.m2\repository\org\eclipse\angus\angus-activation\2.0.2\angus-activation-2.0.2.jar;C:\Users\Enrique\.m2\repository\org\glassfish\jaxb\txw2\4.0.5\txw2-4.0.5.jar;C:\Users\Enrique\.m2\repository\com\sun\istack\istack-commons-runtime\4.1.2\istack-commons-runtime-4.1.2.jar;C:\Users\Enrique\.m2\repository\jakarta\inject\jakarta.inject-api\2.0.1\jakarta.inject-api-2.0.1.jar;C:\Users\Enrique\.m2\repository\org\antlr\antlr4-runtime\4.13.0\antlr4-runtime-4.13.0.jar;C:\Users\Enrique\.m2\repository\org\springframework\data\spring-data-jpa\3.3.0\spring-data-jpa-3.3.0.jar;C:\Users\Enrique\.m2\repository\org\springframework\data\spring-data-commons\3.3.0\spring-data-commons-3.3.0.jar;C:\Users\Enrique\.m2\repository\org\springframework\spring-orm\6.1.8\spring-orm-6.1.8.jar;C:\Users\Enrique\.m2\repository\org\springframework\spring-tx\6.1.8\spring-tx-6.1.8.jar;C:\Users\Enrique\.m2\repository\org\springframework\spring-aspects\6.1.8\spring-aspects-6.1.8.jar;C:\Users\Enrique\.m2\repository\org\flywaydb\flyway-core\10.10.0\flyway-core-10.10.0.jar;C:\Users\Enrique\.m2\repository\com\fasterxml\jackson\dataformat\jackson-dataformat-toml\2.17.1\jackson-dataformat-toml-2.17.1.jar;C:\Users\Enrique\.m2\repository\com\fasterxml\jackson\core\jackson-core\2.17.1\jackson-core-2.17.1.jar;C:\Users\Enrique\.m2\repository\com\google\code\gson\gson\2.10.1\gson-2.10.1.jar;C:\Users\Enrique\.m2\repository\org\flywaydb\flyway-mysql\10.10.0\flyway-mysql-10.10.0.jar;C:\Users\Enrique\.m2\repository\com\mysql\mysql-connector-j\8.3.0\mysql-connector-j-8.3.0.jar;C:\Users\Enrique\.m2\repository\org\springframework\boot\spring-boot-starter-validation\3.3.0\spring-boot-starter-validation-3.3.0.jar;C:\Users\Enrique\.m2\repository\org\apache\tomcat\embed\tomcat-embed-el\10.1.24\tomcat-embed-el-10.1.24.jar;C:\Users\Enrique\.m2\repository\org\hibernate\validator\hibernate-validator\8.0.1.Final\hibernate-validator-8.0.1.Final.jar;C:\Users\Enrique\.m2\repository\jakarta\validation\jakarta.validation-api\3.0.2\jakarta.validation-api-3.0.2.jar;C:\Users\Enrique\.m2\repository\org\springframework\boot\spring-boot-starter-security\3.3.0\spring-boot-starter-security-3.3.0.jar;C:\Users\Enrique\.m2\repository\org\springframework\spring-aop\6.1.8\spring-aop-6.1.8.jar;C:\Users\Enrique\.m2\repository\org\springframework\security\spring-security-config\6.3.0\spring-security-config-6.3.0.jar;C:\Users\Enrique\.m2\repository\org\springframework\security\spring-security-core\6.3.0\spring-security-core-6.3.0.jar;C:\Users\Enrique\.m2\repository\org\springframework\security\spring-security-crypto\6.3.0\spring-security-crypto-6.3.0.jar;C:\Users\Enrique\.m2\repository\org\springframework\security\spring-security-web\6.3.0\spring-security-web-6.3.0.jar;C:\Users\Enrique\.m2\repository\com\auth0\java-jwt\4.2.1\java-jwt-4.2.1.jar;C:\Users\Enrique\.m2\repository\com\fasterxml\jackson\core\jackson-databind\2.17.1\jackson-databind-2.17.1.jar;C:\Users\Enrique\.m2\repository\com\fasterxml\jackson\core\jackson-annotations\2.17.1\jackson-annotations-2.17.1.jar;C:\Users\Enrique\.m2\repository\org\springdoc\springdoc-openapi-starter-webmvc-ui\2.5.0\springdoc-openapi-starter-webmvc-ui-2.5.0.jar;C:\Users\Enrique\.m2\repository\org\springdoc\springdoc-openapi-starter-webmvc-api\2.5.0\springdoc-openapi-starter-webmvc-api-2.5.0.jar;C:\Users\Enrique\.m2\repository\org\springdoc\springdoc-openapi-starter-common\2.5.0\springdoc-openapi-starter-common-2.5.0.jar;C:\Users\Enrique\.m2\repository\io\swagger\core\v3\swagger-core-jakarta\2.2.21\swagger-core-jakarta-2.2.21.jar;C:\Users\Enrique\.m2\repository\org\apache\commons\commons-lang3\3.14.0\commons-lang3-3.14.0.jar;C:\Users\Enrique\.m2\repository\io\swagger\core\v3\swagger-annotations-jakarta\2.2.21\swagger-annotations-jakarta-2.2.21.jar;C:\Users\Enrique\.m2\repository\io\swagger\core\v3\swagger-models-jakarta\2.2.21\swagger-models-jakarta-2.2.21.jar;C:\Users\Enrique\.m2\repository\com\fasterxml\jackson\dataformat\jackson-dataformat-yaml\2.17.1\jackson-dataformat-yaml-2.17.1.jar;C:\Users\Enrique\.m2\repository\org\webjars\swagger-ui\5.13.0\swagger-ui-5.13.0.jar;C:\Users\Enrique\.m2\repository\com\h2database\h2\2.2.224\h2-2.2.224.jar
Launcher Type: SUN_STANDARD

[Global flags]
     intx CICompilerCount                          = 2                                         {product} {ergonomic}
     uint ConcGCThreads                            = 1                                         {product} {ergonomic}
     uint G1ConcRefinementThreads                  = 2                                         {product} {ergonomic}
   size_t G1HeapRegionSize                         = 1048576                                   {product} {ergonomic}
   size_t InitialHeapSize                          = 134217728                                 {product} {ergonomic}
   size_t MarkStackSize                            = 4194304                                   {product} {ergonomic}
   size_t MaxHeapSize                              = 2147483648                                {product} {ergonomic}
   size_t MaxNewSize                               = 1287651328                                {product} {ergonomic}
   size_t MinHeapDeltaBytes                        = 1048576                                   {product} {ergonomic}
   size_t MinHeapSize                              = 8388608                                   {product} {ergonomic}
    uintx NonNMethodCodeHeapSize                   = 5826188                                {pd product} {ergonomic}
    uintx NonProfiledCodeHeapSize                  = 122916026                              {pd product} {ergonomic}
    uintx ProfiledCodeHeapSize                     = 122916026                              {pd product} {ergonomic}
    uintx ReservedCodeCacheSize                    = 251658240                              {pd product} {ergonomic}
     bool SegmentedCodeCache                       = true                                      {product} {ergonomic}
   size_t SoftMaxHeapSize                          = 2147483648                             {manageable} {ergonomic}
     bool UseCompressedOops                        = true                           {product lp64_product} {ergonomic}
     bool UseG1GC                                  = true                                      {product} {ergonomic}
     bool UseLargePagesIndividualAllocation        = false                                  {pd product} {ergonomic}

Logging:
Log output configuration:
 #0: stdout all=warning uptime,level,tags foldmultilines=false
 #1: stderr all=off uptime,level,tags foldmultilines=false

Environment Variables:
PATH=C:\Program Files\Common Files\Oracle\Java\javapath;C:\Windows\system32;C:\Windows;C:\Windows\System32\Wbem;C:\Windows\System32\WindowsPowerShell\v1.0\;C:\Windows\System32\OpenSSH\;C:\Program Files\dotnet\;C:\Program Files\Microsoft VS Code Insiders\bin;C:\Program Files\Git\cmd;C:\Program Files\PuTTY\;C:\Program Files\Docker\Docker\resources\bin;C:\Program Files\Azure Data Studio\bin;C:\Program Files\Common Files\Autodesk Shared\;C:\Users\Enrique\AppData\Local\Programs\Python\Python313\Scripts\;C:\Users\Enrique\AppData\Local\Programs\Python\Python313\;C:\Program Files\MySQL\MySQL Shell 8.0\bin\;C:\Users\Enrique\AppData\Local\Microsoft\WindowsApps;C:\Users\Enrique\AppData\Local\JetBrains\Toolbox\scripts;C:\Users\Enrique\AppData\Local\gitkraken\bin;C:\Users\Enrique\AppData\Local\GitHubDesktop\bin;C:\Program Files\Azure Data Studio\bin
USERNAME=Enrique
OS=Windows_NT
PROCESSOR_IDENTIFIER=AMD64 Family 25 Model 1 Stepping 1, AuthenticAMD
TMP=C:\Users\Enrique\AppData\Local\Temp
TEMP=C:\Users\Enrique\AppData\Local\Temp




Periodic native trim disabled

---------------  S Y S T E M  ---------------

OS:
 Windows 11 , 64 bit Build 26100 (10.0.26100.712)
OS uptime: 0 days 10:09 hours
Hyper-V role detected

CPU: total 2 (initial active 2) (16 cores per cpu, 2 threads per core) family 25 model 1 stepping 1 microcode 0xffffffff, cx8, cmov, fxsr, ht, mmx, 3dnowpref, sse, sse2, sse3, ssse3, sse4a, sse4.1, sse4.2, popcnt, lzcnt, tsc, tscinvbit, avx, avx2, aes, erms, clmul, bmi1, bmi2, adx, sha, fma, vzeroupper, clflush, clflushopt, hv, rdtscp, rdpid, fsrm, f16c, cet_ss
Processor Information for all 2 processors :
  Max Mhz: 2445, Current Mhz: 2445, Mhz Limit: 2445

Memory: 4k page, system-wide physical 8190M (575M free)
TotalPageFile size 17790M (AvailPageFile size 6M)
current process WorkingSet (physical memory assigned to process): 238M, peak: 240M
current process commit charge ("private bytes"): 263M, peak: 269M

vm_info: Java HotSpot(TM) 64-Bit Server VM (22.0.1+8-16) for windows-amd64 JRE (22.0.1+8-16), built on 2024-03-12T10:33:16Z by "mach5one" with MS VC++ 17.6 (VS2022)

END.
