#
# There is insufficient memory for the Java Runtime Environment to continue.
# Native memory allocation (mmap) failed to map 134217728 bytes. Error detail: G1 virtual space
# Possible reasons:
#   The system is out of physical RAM or swap space
#   This process is running with CompressedOops enabled, and the Java Heap may be blocking the growth of the native heap
# Possible solutions:
#   Reduce memory load on the system
#   Increase physical memory or swap space
#   Check if swap backing store is full
#   Decrease Java heap size (-Xmx/-Xms)
#   Decrease number of Java threads
#   Decrease Java thread stack sizes (-Xss)
#   Set larger code cache with -XX:ReservedCodeCacheSize=
#   JVM is running with Unscaled Compressed Oops mode in which the Java heap is
#     placed in the first 4GB address space. The Java Heap base address is the
#     maximum limit for the native heap growth. Please use -XX:HeapBaseMinAddress
#     to set the Java Heap base and to place the Java Heap above 4GB virtual address.
# This output file may be truncated or incomplete.
#
#  Out of Memory Error (os_windows.cpp:3631), pid=20924, tid=20428
#
# JRE version:  (22.0.1+8) (build )
# Java VM: Java HotSpot(TM) 64-Bit Server VM (22.0.1+8-16, mixed mode, sharing, tiered, compressed oops, compressed class ptrs, g1 gc, windows-amd64)
# No core dump will be written. Minidumps are not enabled by default on client versions of Windows
#

---------------  S U M M A R Y ------------

Command Line: -Dnet.bytebuddy.agent.attacher.dump= net.bytebuddy.agent.Attacher com.sun.tools.attach.VirtualMachine 13572 C:\Users\Enrique\.m2\repository\net\bytebuddy\byte-buddy-agent\1.14.16\byte-buddy-agent-1.14.16.jar false 

Host: AMD EPYC 7763 64-Core Processor                , 2 cores, 7G,  Windows 11 , 64 bit Build 26100 (10.0.26100.712)
Time: Wed Jun 26 02:29:48 2024 Hora estándar, América Central elapsed time: 0.137737 seconds (0d 0h 0m 0s)

---------------  T H R E A D  ---------------

Current thread (0x000001fca6559880):  JavaThread "Unknown thread" [_thread_in_vm, id=20428, stack(0x000000ba7d600000,0x000000ba7d700000) (1024K)]

Stack: [0x000000ba7d600000,0x000000ba7d700000]
Native frames: (J=compiled Java code, j=interpreted, Vv=VM code, C=native code)
V  [jvm.dll+0x6e2279]  (no source info available)
V  [jvm.dll+0x874e33]  (no source info available)
V  [jvm.dll+0x87725e]  (no source info available)
V  [jvm.dll+0x877933]  (no source info available)
V  [jvm.dll+0x27fd76]  (no source info available)
V  [jvm.dll+0x6de915]  (no source info available)
V  [jvm.dll+0x6d341a]  (no source info available)
V  [jvm.dll+0x3589da]  (no source info available)
V  [jvm.dll+0x360f06]  (no source info available)
V  [jvm.dll+0x3b3e2e]  (no source info available)
V  [jvm.dll+0x3b40d8]  (no source info available)
V  [jvm.dll+0x32c59c]  (no source info available)
V  [jvm.dll+0x32d158]  (no source info available)
V  [jvm.dll+0x83ccdc]  (no source info available)
V  [jvm.dll+0x3c0d71]  (no source info available)
V  [jvm.dll+0x825ccc]  (no source info available)
V  [jvm.dll+0x45b8fe]  (no source info available)
V  [jvm.dll+0x45d781]  (no source info available)
C  [jli.dll+0x52a3]  (no source info available)
C  [ucrtbase.dll+0x14ea0]  (no source info available)
C  [KERNEL32.DLL+0x31fd7]  (no source info available)
C  [ntdll.dll+0xda95c]  (no source info available)


---------------  P R O C E S S  ---------------

Threads class SMR info:
_java_thread_list=0x00007fff5dc4b1c8, length=0, elements={
}

Java Threads: ( => current thread )
Total: 0

Other Threads:
  0x000001fca65ac130 WorkerThread "GC Thread#0"                     [id=19404, stack(0x000000ba7d700000,0x000000ba7d800000) (1024K)]
  0x000001fca65bdd30 ConcurrentGCThread "G1 Main Marker"            [id=15636, stack(0x000000ba7d800000,0x000000ba7d900000) (1024K)]
  0x000001fca65be840 WorkerThread "G1 Conc#0"                       [id=13520, stack(0x000000ba7d900000,0x000000ba7da00000) (1024K)]

[error occurred during error reporting (printing all threads), id 0xc0000005, EXCEPTION_ACCESS_VIOLATION (0xc0000005) at pc=0x00007fff5d39f367]
VM state: not at safepoint (not fully initialized)

VM Mutex/Monitor currently owned by a thread:  ([mutex/lock_event])
[0x00007fff5dccbcb8] Heap_lock - owner thread: 0x000001fca6559880

Heap address: 0x0000000080000000, size: 2048 MB, Compressed Oops mode: 32-bit

CDS archive(s) mapped at: [0x0000000000000000-0x0000000000000000-0x0000000000000000), size 0, SharedBaseAddress: 0x0000000800000000, ArchiveRelocationMode: 1.
Narrow klass base: 0x0000000000000000, Narrow klass shift: 0, Narrow klass range: 0x0

GC Precious Log:
 CardTable entry size: 512
 Card Set container configuration: InlinePtr #cards 5 size 8 Array Of Cards #cards 12 size 40 Howl #buckets 4 coarsen threshold 1843 Howl Bitmap #cards 512 size 80 coarsen threshold 460 Card regions per heap region 1 cards per card region 2048

Heap:
 garbage-first heap   total reserved 2097152K, committed 0K, used 0K [0x0000000080000000, 0x0000000100000000)
  region size 1024K, 0 young (0K), 0 survivors (0K)

[error occurred during error reporting (printing heap information), id 0xc0000005, EXCEPTION_ACCESS_VIOLATION (0xc0000005) at pc=0x00007fff5d79e429]
GC Heap History (0 events):
No events

Dll operation events (1 events):
Event: 0.014 Loaded shared library C:\Program Files\Java\jdk-22\bin\java.dll

Deoptimization events (0 events):
No events

Classes loaded (0 events):
No events

Classes unloaded (0 events):
No events

Classes redefined (0 events):
No events

Internal exceptions (0 events):
No events

ZGC Phase Switch (0 events):
No events

VM Operations (0 events):
No events

Events (0 events):
No events


Dynamic libraries:
0x00007ff710aa0000 - 0x00007ff710ab0000 	C:\Program Files\Java\jdk-22\bin\java.exe
0x00007fffc08e0000 - 0x00007fffc0b42000 	C:\Windows\SYSTEM32\ntdll.dll
0x00007fffbf160000 - 0x00007fffbf226000 	C:\Windows\System32\KERNEL32.DLL
0x00007fffbe3f0000 - 0x00007fffbe78f000 	C:\Windows\System32\KERNELBASE.dll
0x00007fffbdd30000 - 0x00007fffbde7c000 	C:\Windows\System32\ucrtbase.dll
0x00007fffb8650000 - 0x00007fffb8667000 	C:\Program Files\Java\jdk-22\bin\jli.dll
0x00007fffbf4b0000 - 0x00007fffbf562000 	C:\Windows\System32\ADVAPI32.dll
0x00007fffbf400000 - 0x00007fffbf4a9000 	C:\Windows\System32\msvcrt.dll
0x00007fffb8630000 - 0x00007fffb864b000 	C:\Program Files\Java\jdk-22\bin\VCRUNTIME140.dll
0x00007fffc03d0000 - 0x00007fffc0477000 	C:\Windows\System32\sechost.dll
0x00007fffbf8f0000 - 0x00007fffbfa06000 	C:\Windows\System32\RPCRT4.dll
0x00007fffbee90000 - 0x00007fffbf04f000 	C:\Windows\System32\USER32.dll
0x00007fffbe130000 - 0x00007fffbe157000 	C:\Windows\System32\win32u.dll
0x00007fff98450000 - 0x00007fff986e0000 	C:\Windows\WinSxS\amd64_microsoft.windows.common-controls_6595b64144ccf1df_6.0.26100.712_none_4446894f1c2e6cc3\COMCTL32.dll
0x00007fffc0480000 - 0x00007fffc04aa000 	C:\Windows\System32\GDI32.dll
0x00007fffbe000000 - 0x00007fffbe121000 	C:\Windows\System32\gdi32full.dll
0x00007fffbe160000 - 0x00007fffbe203000 	C:\Windows\System32\msvcp_win.dll
0x00007fffafc10000 - 0x00007fffafc1b000 	C:\Windows\SYSTEM32\VERSION.dll
0x00007fffbe7f0000 - 0x00007fffbe81f000 	C:\Windows\System32\IMM32.DLL
0x00007fffb8d20000 - 0x00007fffb8d2c000 	C:\Program Files\Java\jdk-22\bin\vcruntime140_1.dll
0x00007fffb1480000 - 0x00007fffb150e000 	C:\Program Files\Java\jdk-22\bin\msvcp140.dll
0x00007fff5d060000 - 0x00007fff5dda7000 	C:\Program Files\Java\jdk-22\bin\server\jvm.dll
0x00007fffc0350000 - 0x00007fffc03c4000 	C:\Windows\System32\WS2_32.dll
0x00007fffae680000 - 0x00007fffae6b6000 	C:\Windows\SYSTEM32\WINMM.dll
0x00007fffbdbd0000 - 0x00007fffbdc1e000 	C:\Windows\SYSTEM32\POWRPROF.dll
0x00007fffbdbb0000 - 0x00007fffbdbc4000 	C:\Windows\SYSTEM32\UMPDC.dll
0x00007fffbcbc0000 - 0x00007fffbcbda000 	C:\Windows\SYSTEM32\kernel.appcore.dll
0x00007fffb8620000 - 0x00007fffb862a000 	C:\Program Files\Java\jdk-22\bin\jimage.dll
0x00007fffac7c0000 - 0x00007fffaca01000 	C:\Windows\SYSTEM32\DBGHELP.DLL
0x00007fffbf570000 - 0x00007fffbf8e5000 	C:\Windows\System32\combase.dll
0x00007fffbfa80000 - 0x00007fffbfb56000 	C:\Windows\System32\OLEAUT32.dll
0x00007fffafc80000 - 0x00007fffafcb9000 	C:\Windows\SYSTEM32\dbgcore.DLL
0x00007fffbe210000 - 0x00007fffbe2a9000 	C:\Windows\System32\bcryptPrimitives.dll
0x00007fffb8560000 - 0x00007fffb857e000 	C:\Program Files\Java\jdk-22\bin\java.dll
0x00007fffbfc60000 - 0x00007fffc0346000 	C:\Windows\System32\SHELL32.dll
0x00007fffc0700000 - 0x00007fffc0899000 	C:\Windows\System32\ole32.dll

dbghelp: loaded successfully - version: 4.0.5 - missing functions: none
symbol engine: initialized successfully - sym options: 0x614 - pdb path: .;C:\Program Files\Java\jdk-22\bin;C:\Windows\SYSTEM32;C:\Windows\WinSxS\amd64_microsoft.windows.common-controls_6595b64144ccf1df_6.0.26100.712_none_4446894f1c2e6cc3;C:\Program Files\Java\jdk-22\bin\server

VM Arguments:
jvm_args: -Dnet.bytebuddy.agent.attacher.dump= 
java_command: net.bytebuddy.agent.Attacher com.sun.tools.attach.VirtualMachine 13572 C:\Users\Enrique\.m2\repository\net\bytebuddy\byte-buddy-agent\1.14.16\byte-buddy-agent-1.14.16.jar false 
java_class_path (initial): C:\Users\Enrique\.m2\repository\net\bytebuddy\byte-buddy-agent\1.14.16\byte-buddy-agent-1.14.16.jar
Launcher Type: SUN_STANDARD

[Global flags]
     intx CICompilerCount                          = 2                                         {product} {ergonomic}
     uint ConcGCThreads                            = 1                                         {product} {ergonomic}
     uint G1ConcRefinementThreads                  = 2                                         {product} {ergonomic}
   size_t G1HeapRegionSize                         = 1048576                                   {product} {ergonomic}
   size_t InitialHeapSize                          = 134217728                                 {product} {ergonomic}
   size_t MarkStackSize                            = 4194304                                   {product} {ergonomic}
   size_t MaxHeapSize                              = 2147483648                                {product} {ergonomic}
   size_t MinHeapDeltaBytes                        = 1048576                                   {product} {ergonomic}
   size_t MinHeapSize                              = 8388608                                   {product} {ergonomic}
    uintx NonNMethodCodeHeapSize                   = 5826188                                {pd product} {ergonomic}
    uintx NonProfiledCodeHeapSize                  = 122916026                              {pd product} {ergonomic}
    uintx ProfiledCodeHeapSize                     = 122916026                              {pd product} {ergonomic}
    uintx ReservedCodeCacheSize                    = 251658240                              {pd product} {ergonomic}
     bool SegmentedCodeCache                       = true                                      {product} {ergonomic}
   size_t SoftMaxHeapSize                          = 2147483648                             {manageable} {ergonomic}
     bool UseCompressedOops                        = true                           {product lp64_product} {ergonomic}
     bool UseG1GC                                  = true                                      {product} {ergonomic}
     bool UseLargePagesIndividualAllocation        = false                                  {pd product} {ergonomic}

Logging:
Log output configuration:
 #0: stdout all=warning uptime,level,tags foldmultilines=false
 #1: stderr all=off uptime,level,tags foldmultilines=false

Environment Variables:
PATH=C:\Program Files\Common Files\Oracle\Java\javapath;C:\Windows\system32;C:\Windows;C:\Windows\System32\Wbem;C:\Windows\System32\WindowsPowerShell\v1.0\;C:\Windows\System32\OpenSSH\;C:\Program Files\dotnet\;C:\Program Files\Microsoft VS Code Insiders\bin;C:\Program Files\Git\cmd;C:\Program Files\PuTTY\;C:\Program Files\Docker\Docker\resources\bin;C:\Program Files\Azure Data Studio\bin;C:\Program Files\Common Files\Autodesk Shared\;C:\Users\Enrique\AppData\Local\Programs\Python\Python313\Scripts\;C:\Users\Enrique\AppData\Local\Programs\Python\Python313\;C:\Program Files\MySQL\MySQL Shell 8.0\bin\;C:\Users\Enrique\AppData\Local\Microsoft\WindowsApps;C:\Users\Enrique\AppData\Local\JetBrains\Toolbox\scripts;C:\Users\Enrique\AppData\Local\gitkraken\bin;C:\Users\Enrique\AppData\Local\GitHubDesktop\bin;C:\Program Files\Azure Data Studio\bin
USERNAME=Enrique
OS=Windows_NT
PROCESSOR_IDENTIFIER=AMD64 Family 25 Model 1 Stepping 1, AuthenticAMD
TMP=C:\Users\Enrique\AppData\Local\Temp
TEMP=C:\Users\Enrique\AppData\Local\Temp




Periodic native trim disabled

---------------  S Y S T E M  ---------------

OS:
 Windows 11 , 64 bit Build 26100 (10.0.26100.712)
OS uptime: 0 days 11:47 hours
Hyper-V role detected

CPU: total 2 (initial active 2) (16 cores per cpu, 2 threads per core) family 25 model 1 stepping 1 microcode 0xffffffff, cx8, cmov, fxsr, ht, mmx, 3dnowpref, sse, sse2, sse3, ssse3, sse4a, sse4.1, sse4.2, popcnt, lzcnt, tsc, tscinvbit, avx, avx2, aes, erms, clmul, bmi1, bmi2, adx, sha, fma, vzeroupper, clflush, clflushopt, hv, rdtscp, rdpid, fsrm, f16c, cet_ss
Processor Information for all 2 processors :
  Max Mhz: 2445, Current Mhz: 2445, Mhz Limit: 2445

Memory: 4k page, system-wide physical 8190M (493M free)
TotalPageFile size 17790M (AvailPageFile size 26M)
current process WorkingSet (physical memory assigned to process): 12M, peak: 12M
current process commit charge ("private bytes"): 48M, peak: 176M

vm_info: Java HotSpot(TM) 64-Bit Server VM (22.0.1+8-16) for windows-amd64 JRE (22.0.1+8-16), built on 2024-03-12T10:33:16Z by "mach5one" with MS VC++ 17.6 (VS2022)

END.
